[2026-07-14T18:46:34.217Z] [warning] [.WebGL-0x42c00144e00]GL Driver Message (OpenGL, Performance, GL_CLOSE_PATH_NV, High): GPU stall due to ReadPixels
[2026-07-14T18:46:35.785Z] [warning] [.WebGL-0x42c00144e00]GL Driver Message (OpenGL, Performance, GL_CLOSE_PATH_NV, High): GPU stall due to ReadPixels
[2026-07-14T18:46:35.786Z] [warning] [.WebGL-0x42c00144e00]GL Driver Message (OpenGL, Performance, GL_CLOSE_PATH_NV, High): GPU stall due to ReadPixels
[2026-07-14T18:46:35.951Z] [warning] [.WebGL-0x42c00144e00]GL Driver Message (OpenGL, Performance, GL_CLOSE_PATH_NV, High): GPU stall due to ReadPixels (this message will no longer repeat)
[2026-07-14T19:15:01.821Z] [debug] [vite] connecting...
[2026-07-14T19:15:02.342Z] [debug] [vite] connected.
[2026-07-14T19:16:22.744Z] [debug] [vite] connecting...
[2026-07-14T19:16:22.750Z] [debug] [vite] connected.
[2026-07-14T19:18:29.122Z] [debug] [vite] connecting...
[2026-07-14T19:18:29.134Z] [debug] [vite] connected.
[2026-07-14T19:19:21.630Z] [debug] [vite] connecting...
[2026-07-14T19:19:21.639Z] [debug] [vite] connected.
[2026-07-14T19:20:38.249Z] [log] [vite] server connection lost. Polling for restart...
[2026-07-14T19:20:38.974Z] [debug] [vite] connecting...
[2026-07-14T19:20:38.980Z] [debug] [vite] connected.
[2026-07-14T19:20:54.992Z] [log] [vite] server connection lost. Polling for restart...
[2026-07-14T19:21:39.378Z] [debug] [vite] connecting...
[2026-07-14T19:21:40.797Z] [debug] [vite] connected.
[2026-07-14T19:22:24.013Z] [debug] [vite] connecting...
[2026-07-14T19:22:24.356Z] [debug] [vite] connected.
[2026-07-14T19:25:27.230Z] [debug] [vite] hot updated: /src/styles/sections.css
[2026-07-14T19:28:13.585Z] [debug] [vite] connecting...
[2026-07-14T19:28:13.598Z] [debug] [vite] connected.
[2026-07-14T19:30:05.719Z] [debug] [vite] connecting...
[2026-07-14T19:30:05.729Z] [debug] [vite] connected.
[2026-07-14T19:31:18.807Z] [debug] [vite] hot updated: /src/styles/sections.css
[2026-07-14T19:31:20.487Z] [debug] [vite] hot updated: /src/styles/sections.css
[2026-07-14T19:31:45.394Z] [debug] [vite] connecting...
[2026-07-14T19:31:45.407Z] [debug] [vite] connected.
[2026-07-14T19:31:53.039Z] [debug] [vite] connecting...
[2026-07-14T19:31:53.044Z] [debug] [vite] connected.
[2026-07-14T19:45:49.947Z] [debug] [vite] connecting...
[2026-07-14T19:45:49.949Z] [debug] [vite] connected.
[2026-07-14T19:45:51.615Z] [debug] [vite] hot updated: /src/styles/tokens.css
[2026-07-14T19:45:53.029Z] [debug] [vite] hot updated: /src/styles/base.css
[2026-07-14T19:46:16.450Z] [debug] [vite] hot updated: /src/styles/sections.css
[2026-07-14T19:46:19.524Z] [debug] [vite] connecting...
[2026-07-14T19:46:19.528Z] [debug] [vite] connected.
[2026-07-14T19:46:41.289Z] [debug] [vite] connecting...
[2026-07-14T19:46:41.292Z] [debug] [vite] connected.
[2026-07-14T19:46:51.345Z] [debug] [vite] connecting...
[2026-07-14T19:46:51.356Z] [debug] [vite] connected.
[2026-07-14T19:48:05.854Z] [debug] [vite] connecting...
[2026-07-14T19:48:06.187Z] [debug] [vite] connected.
[2026-07-14T19:48:08.231Z] [debug] [vite] connecting...
[2026-07-14T19:48:08.235Z] [debug] [vite] connected.
[2026-07-14T19:48:32.295Z] [debug] [vite] connecting...
[2026-07-14T19:48:32.300Z] [debug] [vite] connected.
[2026-07-14T19:48:38.345Z] [debug] [vite] connecting...
[2026-07-14T19:48:38.353Z] [debug] [vite] connected.
[2026-07-14T19:48:41.631Z] [debug] [vite] connecting...
[2026-07-14T19:48:41.632Z] [debug] [vite] connected.
[2026-07-14T19:48:46.023Z] [debug] [vite] connecting...
[2026-07-14T19:48:46.040Z] [debug] [vite] connected.
[2026-07-14T19:49:44.561Z] [debug] [vite] connecting...
[2026-07-14T19:49:44.564Z] [debug] [vite] connected.
[2026-07-14T19:52:33.852Z] [debug] [vite] connecting...
[2026-07-14T19:52:33.864Z] [debug] [vite] connected.
[2026-07-14T19:53:04.106Z] [debug] [vite] connecting...
[2026-07-14T19:53:04.114Z] [debug] [vite] connected.
[2026-07-14T19:53:23.597Z] [debug] [vite] connecting...
[2026-07-14T19:53:23.601Z] [debug] [vite] connected.
[2026-07-14T19:54:23.261Z] [debug] [vite] connecting...
[2026-07-14T19:54:23.278Z] [debug] [vite] connected.
