[2026-07-14T18:46:29.763Z] GET https://www.hut8.com/ → 200 (132ms, 41362B)
[2026-07-14T18:46:29.922Z] GET https://www.hut8.com/_nuxt/entry.CBVxAjPw.css → 200 (35ms, 10940B)
[2026-07-14T18:46:29.922Z] GET https://www.hut8.com/_nuxt/VideoFloating.CnyBv2HR.css → 200 (112ms, 1560B)
[2026-07-14T18:46:29.922Z] GET https://www.hut8.com/_nuxt/AngledDivider.Bc2Evlfc.css → 200 (44ms, 610B)
[2026-07-14T18:46:29.924Z] GET https://www.hut8.com/_nuxt/ArticleImage.Cf151Ds0.css → 200 (169ms, 639B)
[2026-07-14T18:46:29.924Z] GET https://www.hut8.com/_nuxt/BackgroundImage.FraG23Ke.css → 200 (118ms, 587B)
[2026-07-14T18:46:29.924Z] GET https://www.hut8.com/_nuxt/Image.Bk_Gkr6V.css → 200 (42ms, 196B)
[2026-07-14T18:46:29.924Z] GET https://www.hut8.com/_nuxt/Subheading.Cr6ULBLt.css → 200 (37ms, 885B)
[2026-07-14T18:46:29.924Z] GET https://www.hut8.com/_nuxt/ReadMore.CGJdxkZX.css → 200 (47ms, 1016B)
[2026-07-14T18:46:29.924Z] GET https://www.hut8.com/_nuxt/Thumbnail.C_JyvM4S.css → pending (?ms, ?B)
[2026-07-14T18:46:29.924Z] GET https://www.hut8.com/_nuxt/Footnotes.C9b-1QEj.css → 200 (38ms, 710B)
[2026-07-14T18:46:29.924Z] GET https://www.googletagmanager.com/gtm.js?id=GTM-P598SDDS → 200 (287ms, 121901B)
[2026-07-14T18:46:29.925Z] GET https://www.hut8.com/_nuxt/CCS9qeFl.js → 200 (126ms, 212707B)
[2026-07-14T18:46:29.925Z] GET https://www.hut8.com/_nuxt/DfhCAMcN.js → 200 (97ms, 404B)
[2026-07-14T18:46:29.925Z] GET https://www.hut8.com/_nuxt/C_maLPj_.js → 200 (106ms, 27454B)
[2026-07-14T18:46:29.925Z] GET https://www.hut8.com/_nuxt/DxxGztR9.js → 200 (105ms, 159035B)
[2026-07-14T18:46:29.925Z] GET https://www.hut8.com/_nuxt/D5eMh-VQ.js → 200 (41ms, 1093B)
[2026-07-14T18:46:29.925Z] GET https://www.hut8.com/_nuxt/BEi5Z3Eu.js → 200 (53ms, 1091B)
[2026-07-14T18:46:29.925Z] GET https://www.hut8.com/_nuxt/Cc_hX3b6.js → 200 (46ms, 621B)
[2026-07-14T18:46:29.925Z] GET https://www.hut8.com/_nuxt/B_E1D2DW.js → 200 (103ms, 456B)
[2026-07-14T18:46:29.925Z] GET https://www.hut8.com/_nuxt/BjcxHY03.js → pending (?ms, ?B)
[2026-07-14T18:46:29.925Z] GET https://www.hut8.com/_nuxt/DGwDYYh5.js → 200 (77ms, 1444B)
[2026-07-14T18:46:29.925Z] GET https://www.hut8.com/_nuxt/BL5zaM0z.js → 200 (54ms, 1142B)
[2026-07-14T18:46:29.925Z] GET https://www.hut8.com/_nuxt/CKypoEk3.js → 200 (42ms, 882B)
[2026-07-14T18:46:29.925Z] GET https://www.hut8.com/_nuxt/Dr5xK1cZ.js → 200 (54ms, 4538B)
[2026-07-14T18:46:29.927Z] GET https://www.hut8.com/_nuxt/Collapsible.B_fjTqza.css → 200 (94ms, 398B)
[2026-07-14T18:46:29.928Z] GET https://www.hut8.com/_nuxt/Mo40QrxO.js → 200 (100ms, 2990B)
[2026-07-14T18:46:29.928Z] GET https://www.hut8.com/_nuxt/_D7-8Vgd.js → 200 (98ms, 1099B)
[2026-07-14T18:46:29.928Z] GET https://www.hut8.com/_nuxt/DtkXtIEt.js → 200 (90ms, 1103B)
[2026-07-14T18:46:29.928Z] GET https://www.hut8.com/_nuxt/D4xDKvRh.js → pending (?ms, ?B)
[2026-07-14T18:46:29.928Z] GET https://www.hut8.com/_nuxt/BpszWWKs.js → pending (?ms, ?B)
[2026-07-14T18:46:29.928Z] GET https://www.hut8.com/_nuxt/y8_ClwGz.js → 200 (286ms, 1222B)
[2026-07-14T18:46:29.928Z] GET https://www.hut8.com/_nuxt/Cs_urhPE.js → 200 (123ms, 5288B)
[2026-07-14T18:46:29.928Z] GET https://www.hut8.com/_nuxt/AudioWidget.CYdY2W4S.css → 200 (286ms, 1086B)
[2026-07-14T18:46:29.928Z] GET https://www.hut8.com/_nuxt/CYA-Jcf6.js → 200 (288ms, 1415B)
[2026-07-14T18:46:29.928Z] GET https://www.hut8.com/_nuxt/3ZL7ZlSJ.js → 200 (117ms, 904B)
[2026-07-14T18:46:29.929Z] GET https://www.hut8.com/_nuxt/lEVUus37.js → 200 (300ms, 1007B)
[2026-07-14T18:46:29.929Z] GET https://www.hut8.com/_nuxt/JXfOnbaz.js → pending (?ms, ?B)
[2026-07-14T18:46:29.929Z] GET https://www.hut8.com/_nuxt/Du9Ca3EV.js → 200 (171ms, 1756B)
[2026-07-14T18:46:29.929Z] GET https://www.hut8.com/_nuxt/preloader.CT6z5LVl.jpg → pending (?ms, ?B)
[2026-07-14T18:46:29.929Z] GET https://www.hut8.com/_nuxt/GROUP_01.CgoV_gPf.jpg → 200 (293ms, ?B)
[2026-07-14T18:46:29.929Z] GET https://www.hut8.com/_nuxt/GROUP_02.ApV11WjZ.jpg → 200 (117ms, 385327B)
[2026-07-14T18:46:29.929Z] GET https://www.hut8.com/_nuxt/GROUP_03.PlwvhIXp.jpg → 200 (163ms, 336853B)
[2026-07-14T18:46:29.929Z] GET https://www.hut8.com/_nuxt/floor1.hPKjlQ8X.jpg → 200 (298ms, ?B)
[2026-07-14T18:46:29.929Z] GET https://www.hut8.com/_nuxt/floor2.Bm40DZ_-.jpg → 200 (291ms, 273581B)
[2026-07-14T18:46:29.929Z] GET https://www.hut8.com/_nuxt/GROUP_01.DFyXQ4y_.jpg → 200 (207ms, 161644B)
[2026-07-14T18:46:29.929Z] GET https://www.hut8.com/_nuxt/GROUP_02.DPGlkIZ_.jpg → pending (?ms, ?B)
[2026-07-14T18:46:29.929Z] GET https://www.hut8.com/_nuxt/GROUP_03.BSRPeqh5.jpg → 200 (257ms, 124968B)
[2026-07-14T18:46:29.929Z] GET https://www.hut8.com/_nuxt/floor1.CPYAHf_8.jpg → 200 (289ms, 31274B)
[2026-07-14T18:46:29.929Z] GET https://www.hut8.com/_nuxt/floor2.C-ihyLA_.jpg → 200 (164ms, 23076B)
[2026-07-14T18:46:29.929Z] GET https://www.hut8.com/_nuxt/floor-3.qetf5bM6.jpg → pending (?ms, ?B)
[2026-07-14T18:46:29.929Z] GET https://www.hut8.com/_nuxt/GROUP_04.UuBn0QD6.jpg → pending (?ms, ?B)
[2026-07-14T18:46:29.929Z] GET https://www.hut8.com/_nuxt/floor-3.9PRd59aV.jpg → 200 (201ms, 31865B)
[2026-07-14T18:46:29.929Z] GET https://www.hut8.com/_nuxt/GROUP_04.BE5DkIZl.jpg → 200 (164ms, 156054B)
[2026-07-14T18:46:29.929Z] GET https://www.hut8.com/_nuxt/impact.g8_rcWeB.png → 200 (114ms, 49547B)
[2026-07-14T18:46:29.929Z] GET https://www.hut8.com/_nuxt/impact.C00mI3Um.png → 200 (288ms, 27225B)
[2026-07-14T18:46:29.929Z] GET https://www.hut8.com/_nuxt/scene-1.DHHv-ce4.glb → 200 (163ms, 281571B)
[2026-07-14T18:46:29.929Z] GET https://www.hut8.com/_nuxt/scene-2.LXH2Rcrt.glb → 200 (164ms, ?B)
[2026-07-14T18:46:29.929Z] GET https://www.hut8.com/_nuxt/map.Gm0L8IvM.glb → 200 (204ms, 243759B)
[2026-07-14T18:46:29.929Z] GET https://www.hut8.com/_nuxt/text.BNkI40CA.png → pending (?ms, ?B)
[2026-07-14T18:46:29.929Z] GET https://www.hut8.com/_nuxt/text.CkFSlLHU.png → 200 (122ms, 158878B)
[2026-07-14T18:46:29.929Z] GET https://www.hut8.com/_nuxt/lines-alphamap.ChUZZfI6.jpg → 200 (287ms, 20653B)
[2026-07-14T18:46:29.929Z] GET https://www.hut8.com/_nuxt/alphamap-pins.Hquppjpd.jpg → 200 (117ms, 6802B)
[2026-07-14T18:46:29.939Z] GET https://player.vimeo.com/progressive_redirect/playback/1101302197/rendition/1080p/file.mp4?loc=external&signature=f1080e64cd5d458cd0b1e70038cd7f8a4cb5c0b355b1c4d31b0b70eb0e9a58ab → 302 (256ms, ?B)
[2026-07-14T18:46:29.939Z] GET https://player.vimeo.com/progressive_redirect/playback/1083046803/rendition/2160p/file.mp4?loc=external&signature=5711c57a1352261ac72df63d182ca7a06d29ee98e1102263a41eacf437a1b556 → 302 (263ms, ?B)
[2026-07-14T18:46:30.195Z] GET https://download-video-ak.vimeocdn.com/v3-1/playback/e47e105f-a360-4717-bc5a-c7b75723d408/a2745ce1-89b8f1f4?__token__=st=1784054790~exp=1784058390~acl=%2Fv3-1%2Fplayback%2Fe47e105f-a360-4717-bc5a-c7b75723d408%2Fa2745ce1-89b8f1f4%2A~hmac=96a2885ba991eec6f99783326a9ee76fcba267ad3db5289415a0112effcd86fc&r=dXMtY2VudHJhbDE%3D → pending (?ms, ?B)
[2026-07-14T18:46:30.202Z] GET https://download-video-ak.vimeocdn.com/v3-1/playback/6170e242-1ae2-4180-93e2-28f17a1c625e/925c170e?__token__=st=1784054790~exp=1784058390~acl=%2Fv3-1%2Fplayback%2F6170e242-1ae2-4180-93e2-28f17a1c625e%2F925c170e%2A~hmac=223caaeacd184f9fba6b6623d54a4849dd6274d8023602b60c1feebaa944a8eb&r=dXMtY2VudHJhbDE%3D → pending (?ms, ?B)
[2026-07-14T18:46:30.522Z] GET https://www.hut8.com/fonts/ITCFranklinGothicStd-Med.woff2 → 200 (41ms, 16291B)
[2026-07-14T18:46:30.522Z] GET https://www.hut8.com/fonts/ITCFranklinGothicStd-Book.woff2 → 200 (42ms, 15164B)
[2026-07-14T18:46:30.523Z] GET https://cdn.sanity.io/images/2iccs2ie/production/08c89b0f316877a473a26d74d50a3ecadbaf70f1-3150x3150.jpg?w=1600&fm=webp → 200 (158ms, 138330B)
[2026-07-14T18:46:30.523Z] GET https://cdn.sanity.io/images/2iccs2ie/production/6b2a221882f439f92c2630c5db564a5bad937f44-1080x1080.jpg?w=1600&fm=webp → 200 (437ms, 32407B)
[2026-07-14T18:46:30.523Z] GET https://cdn.sanity.io/images/2iccs2ie/production/34eb0c094e4e717174f814f62ebcf387cd9d36a7-3240x3240.jpg?w=1600&fm=webp → 200 (449ms, 292783B)
[2026-07-14T18:46:30.543Z] GET https://www.hut8.com/_nuxt/index.BPaz0LB5.css → 200 (38ms, 8085B)
[2026-07-14T18:46:30.639Z] GET https://www.hut8.com/_nuxt/default.jS_HXINU.css → 200 (55ms, 265B)
[2026-07-14T18:46:30.921Z] GET https://www.hut8.com/_nuxt/preloader.CT6z5LVl.jpg → 200 (3ms, -465B)
[2026-07-14T18:46:30.922Z] GET https://www.hut8.com/_nuxt/GROUP_01.CgoV_gPf.jpg → 200 (3ms, -464B)
[2026-07-14T18:46:30.922Z] GET https://www.hut8.com/_nuxt/GROUP_02.ApV11WjZ.jpg → 200 (4ms, -464B)
[2026-07-14T18:46:30.922Z] GET https://www.hut8.com/_nuxt/GROUP_03.PlwvhIXp.jpg → 200 (4ms, -464B)
[2026-07-14T18:46:30.922Z] GET https://www.hut8.com/_nuxt/floor1.hPKjlQ8X.jpg → 200 (4ms, -462B)
[2026-07-14T18:46:30.922Z] GET https://www.hut8.com/_nuxt/floor2.Bm40DZ_-.jpg → 200 (5ms, -462B)
[2026-07-14T18:46:30.922Z] GET https://www.hut8.com/_nuxt/lines-alphamap.ChUZZfI6.jpg → 200 (5ms, -469B)
[2026-07-14T18:46:30.922Z] GET https://www.hut8.com/_nuxt/scene-1.DHHv-ce4.glb → 200 (23ms, -448B)
[2026-07-14T18:46:30.922Z] GET https://www.hut8.com/_nuxt/GROUP_04.UuBn0QD6.jpg → 200 (6ms, -464B)
[2026-07-14T18:46:30.922Z] GET https://www.hut8.com/_nuxt/floor-3.qetf5bM6.jpg → 200 (6ms, -463B)
[2026-07-14T18:46:30.922Z] GET https://www.hut8.com/_nuxt/scene-2.LXH2Rcrt.glb → 200 (23ms, -448B)
[2026-07-14T18:46:30.922Z] GET https://www.hut8.com/_nuxt/alphamap-pins.Hquppjpd.jpg → 200 (7ms, -467B)
[2026-07-14T18:46:30.922Z] GET https://www.hut8.com/_nuxt/impact.g8_rcWeB.png → 200 (7ms, -460B)
[2026-07-14T18:46:30.922Z] GET https://www.hut8.com/_nuxt/map.Gm0L8IvM.glb → 200 (23ms, -444B)
[2026-07-14T18:46:30.922Z] GET https://www.hut8.com/_nuxt/text.BNkI40CA.png → 200 (7ms, -459B)
[2026-07-14T18:46:30.941Z] GET https://player.vimeo.com/progressive_redirect/playback/1101302197/rendition/1080p/file.mp4?loc=external&signature=f1080e64cd5d458cd0b1e70038cd7f8a4cb5c0b355b1c4d31b0b70eb0e9a58ab → 302 (171ms, ?B)
[2026-07-14T18:46:30.941Z] GET https://player.vimeo.com/progressive_redirect/playback/1083046803/rendition/2160p/file.mp4?loc=external&signature=5711c57a1352261ac72df63d182ca7a06d29ee98e1102263a41eacf437a1b556 → pending (?ms, ?B)
[2026-07-14T18:46:30.978Z] GET https://www.hut8.com/draco/draco_wasm_wrapper.js → 200 (69ms, 12167B)
[2026-07-14T18:46:30.978Z] GET https://www.hut8.com/draco/draco_decoder.wasm → 200 (50ms, 84929B)
[2026-07-14T18:46:31.021Z] GET https://www.googletagmanager.com/gtag/js?id=G-2EEYSG8CZE&cx=c&gtm=4e67d0 → pending (?ms, ?B)
[2026-07-14T18:46:31.021Z] GET https://www.astute-7-visionary.com/js/808588.js → pending (?ms, ?B)
[2026-07-14T18:46:31.052Z] GET blob:https://www.hut8.com/6d84fd14-c4e7-42dd-b2da-fb0ffd769dbb → 200 (18ms, -59B)
[2026-07-14T18:46:31.052Z] GET blob:https://www.hut8.com/6d84fd14-c4e7-42dd-b2da-fb0ffd769dbb → 200 (18ms, -59B)
[2026-07-14T18:46:31.052Z] GET blob:https://www.hut8.com/6d84fd14-c4e7-42dd-b2da-fb0ffd769dbb → 200 (18ms, -59B)
[2026-07-14T18:46:31.052Z] GET blob:https://www.hut8.com/6d84fd14-c4e7-42dd-b2da-fb0ffd769dbb → 200 (18ms, -59B)
[2026-07-14T18:46:31.112Z] GET https://download-video-ak.vimeocdn.com/v3-1/playback/e47e105f-a360-4717-bc5a-c7b75723d408/a2745ce1-89b8f1f4?__token__=st=1784054791~exp=1784058391~acl=%2Fv3-1%2Fplayback%2Fe47e105f-a360-4717-bc5a-c7b75723d408%2Fa2745ce1-89b8f1f4%2A~hmac=fc9200a72fbace291cbeb79311d87e1d929a723f0f91a015fcaee54bdbb8abe8&r=dXMtY2VudHJhbDE%3D → pending (?ms, ?B)
[2026-07-14T18:46:31.650Z] GET https://download-video-ak.vimeocdn.com/v3-1/playback/6170e242-1ae2-4180-93e2-28f17a1c625e/925c170e?__token__=st=1784054791~exp=1784058391~acl=%2Fv3-1%2Fplayback%2F6170e242-1ae2-4180-93e2-28f17a1c625e%2F925c170e%2A~hmac=b4e8771d84af23cefd818cdded299d80f5f2195f3c320babe102ff18dd1aa85a&r=dXMtY2VudHJhbDE%3D → pending (?ms, ?B)
[2026-07-14T18:46:34.216Z] GET https://www.astute-7-visionary.com/Track/Capture.aspx?retType=js&trk_jshv=1&trk_user=808588&trk_sw=1440&trk_sh=900&trk_ref=&trk_tit=Hut%208&trk_loc=https%3A%2F%2Fwww.hut8.com%2F&trk_agn=Netscape&trk_agv=Mozilla%2F5.0%20(X11%3B%20Linux%20x86_64)%20AppleWebKit%2F537.36%20(KHTML%2C%20like%20Gecko)%20HeadlessChrome%2F145.0.7632.6%20Safari%2F537.36&trk_dom=www.hut8.com&trk_cookie=NA&trk_dt=undefined → pending (?ms, ?B)
[2026-07-14T18:46:35.784Z] POST https://ad.doubleclick.net/ccm/s/collect?auid=1055915883.1784054796&gtm=45je67d0v9165783878z89230928549za20gzb9230928549zd9230928549xec → 204 (167ms, ?B)
[2026-07-14T18:46:35.784Z] GET https://googleads.g.doubleclick.net/pagead/viewthroughconversion/11333630925/?random=1784054795742&cv=11&fst=1784054795742&bg=ffffff&guid=ON&async=1&en=gtag.config&gtm=45je67d0v9165783878z89230928549za20gzb9230928549zd9230928549xec&gcd=13l3l3l3l1l1&dma=0&tag_exp=115938466~115938469~118826210~118897920~118897930~119027224~119381663~119773332&u_w=1440&u_h=900&url=https%3A%2F%2Fwww.hut8.com%2F&rcb=14&frm=0&tiba=Hut%208&hn=www.googleadservices.com&npa=0&pscdl=noapi&auid=1055915883.1784054796&data=event%3Dgtag.config&ept=9&rfmt=3&fmt=4 → 200 (168ms, 3057B)
[2026-07-14T18:46:35.785Z] POST https://www.google.com/rmkt/collect/11333630925/?random=1784054795742&cv=11&fst=1784054795742&fmt=8&bg=ffffff&guid=ON&async=1&en=gtag.config&gtm=45je67d0v9165783878z89230928549za20gzb9230928549zd9230928549xec&gcd=13l3l3l3l1l1&dma=0&tag_exp=115938466~115938469~118826210~118897920~118897930~119027224~119381663~119773332&u_w=1440&u_h=900&url=https%3A%2F%2Fwww.hut8.com%2F&rcb=14&frm=0&tiba=Hut%208&hn=www.googleadservices.com&npa=0&pscdl=noapi&auid=1055915883.1784054796&data=event%3Dgtag.config&ept=68&gcp=5 → 200 (167ms, ?B)
[2026-07-14T18:46:35.785Z] POST https://www.google.com/ccm/collect?rcb=14&frm=0&auid=1055915883.1784054796&dt=Hut%208&en=page_view&dl=https%3A%2F%2Fwww.hut8.com%2F&scrsrc=www.googletagmanager.com&rnd=938645080.1784054796&navt=n&npa=0&gtm=45je67d0v9165783878z89230928549za20gzb9230928549zd9230928549xec&gcd=13l3l3l3l1l1&dma=0&tag_exp=115938466~115938469~118826210~118897920~118897930~119027224~119381663~119773332&apve=1&apvf=f&apvc=1&tids=AW-11333630925&tid=AW-11333630925&tft=1784054795783&tfd=6022&fmt=8 → 200 (166ms, ?B)
[2026-07-14T18:46:35.951Z] POST https://www.google-analytics.com/g/collect?v=2&tid=G-2EEYSG8CZE&gtm=45je67d0v9165783878z89230928549za20gzb9230928549zd9230928549&_p=1784054790594&gcd=13l3l3l3l1l1&npa=0&dma=0&are=1&cid=1518182450.1784054796&frm=0&ngs=1&pscdl=noapi&rcb=14&sr=1440x900&uaa=x86&uab=64&uafvl=Not%253AA-Brand%3B99.0.0.0%7CHeadlessChrome%3B145.0.7632.6%7CChromium%3B145.0.7632.6&uam=&uamb=0&uap=Linux&uapv=&uaw=0&ul=en-us&_s=1&tag_exp=115938466~115938469~118826210~118897920~118897930~119027224~119381663~119773332&sid=1784054795&sct=1&seg=0&dl=https%3A%2F%2Fwww.hut8.com%2F&dt=Hut%208&en=page_view&_fv=1&_nsi=1&_ss=1&tfd=6184 → 204 (219ms, ?B)
[2026-07-14T18:46:35.951Z] POST https://www.google-analytics.com/g/collect?v=2&tid=G-KT0BR5X12V&gtm=45je67d0v9165783878z89230928549za20gzb9230928549zd9230928549&_p=1784054790594&gcd=13l3l3l3l1l1&npa=0&dma=0&are=1&cid=1518182450.1784054796&frm=0&ngs=1&pscdl=noapi&rcb=14&sr=1440x900&uaa=x86&uab=64&uafvl=Not%253AA-Brand%3B99.0.0.0%7CHeadlessChrome%3B145.0.7632.6%7CChromium%3B145.0.7632.6&uam=&uamb=0&uap=Linux&uapv=&uaw=0&ul=en-us&_s=1&tag_exp=115938466~115938469~118826210~118897920~118897930~119027224~119381663~119773332&sid=1784054795&sct=1&seg=0&dl=https%3A%2F%2Fwww.hut8.com%2F&dt=Hut%208&en=page_view&_fv=1&_ss=1&tfd=6188 → 204 (219ms, ?B)
[2026-07-14T18:46:36.156Z] GET https://www.google.com/pagead/1p-user-list/11333630925/?random=1784054795742&cv=11&fst=1784052000000&bg=ffffff&guid=ON&async=1&en=gtag.config&gtm=45je67d0v9165783878z89230928549za20gzb9230928549zd9230928549xec&gcd=13l3l3l3l1l1&dma=0&tag_exp=115938466~115938469~118826210~118897920~118897930~119027224~119381663~119773332&u_w=1440&u_h=900&url=https%3A%2F%2Fwww.hut8.com%2F&rcb=14&frm=0&tiba=Hut%208&hn=www.googleadservices.com&npa=0&pscdl=noapi&auid=1055915883.1784054796&data=event%3Dgtag.config&ept=9&rfmt=3&fmt=3&is_vtc=1&cid=CAQS0wEAEQoqgQFjSJiHAT9Rwwowt4GLQLtWZCh6AN9vU6TVC8990WVud7Us1cnFsgEIQgLiyMmQcZYuT--Q9h8oXxdA6mcImqd-iTaSfDCEXskqeC6V6nLhK8dXnPCc2rZ3lDTiIPDp6KqAL3koXjvm9lvWZrFOZcTG5-e5zIWUsEcySGpfL6i_phAybyXyyvfN7e4QRBmxZfsYc2ZH7SqhxXdVJoPE1f7Sd2RpjScMsUa-Fe2kR4BGYQ8t4p4M8IRqutEov4or5RclTr917wfjWpAimPFM&random=1830201038&rmt_tld=0&ipr=y → pending (?ms, ?B)
[2026-07-14T18:47:20.641Z] GET https://www.hut8.com/_nuxt/DGwkVzZX.js → 200 (496ms, 541627B)
[2026-07-14T18:47:20.641Z] GET https://www.hut8.com/_nuxt/our-platform.DDhvnLG2.css → 200 (240ms, 10554B)
[2026-07-14T18:47:20.641Z] GET https://www.hut8.com/_nuxt/platform.CkrTEeiz.css → 200 (241ms, 1391B)
[2026-07-14T18:47:21.133Z] GET https://www.hut8.com/_nuxt/y8_ClwGz.js → 200 (5ms, -459B)
[2026-07-14T18:47:21.144Z] GET https://www.hut8.com/_nuxt/_D7-8Vgd.js → 200 (47ms, -478B)
[2026-07-14T18:48:41.995Z] GET https://www.hut8.com/_nuxt/ENw3cNOg.js → 200 (221ms, 779B)
[2026-07-14T18:48:41.995Z] GET https://www.hut8.com/_nuxt/DKT6dz_3.js → 200 (221ms, 2446B)
[2026-07-14T18:48:41.995Z] GET https://www.hut8.com/_nuxt/8mpKWSYU.js → 200 (221ms, 1047B)
[2026-07-14T18:48:41.995Z] GET https://www.hut8.com/_nuxt/Breadcrumbs.D2C9ay21.css → 200 (217ms, 634B)
[2026-07-14T18:48:41.995Z] GET https://www.hut8.com/_nuxt/BiOMYTFL.js → 200 (220ms, 2427B)
[2026-07-14T18:48:41.995Z] GET https://www.hut8.com/_nuxt/VideoPlayer.CRgUvvGu.css → 200 (217ms, 1383B)
[2026-07-14T18:48:41.995Z] GET https://www.hut8.com/_nuxt/C9tsXR1_.js → 200 (219ms, 3608B)
[2026-07-14T18:48:41.995Z] GET https://www.hut8.com/_nuxt/Df-5iWvn.js → 200 (221ms, 80723B)
[2026-07-14T18:48:41.995Z] GET https://www.hut8.com/_nuxt/BgEcYtaZ.js → 200 (219ms, 686B)
[2026-07-14T18:48:41.995Z] GET https://www.hut8.com/_nuxt/Quote.Cm5XWgJi.css → 200 (216ms, 765B)
[2026-07-14T18:48:41.995Z] GET https://www.hut8.com/_nuxt/DHwyxSyt.js → 200 (219ms, 1331B)
[2026-07-14T18:48:41.995Z] GET https://www.hut8.com/_nuxt/EventList.BXYZU7ij.css → 200 (219ms, 1064B)
[2026-07-14T18:48:41.995Z] GET https://www.hut8.com/_nuxt/ComponentParser.DTajR5yt.css → 200 (218ms, 4380B)
[2026-07-14T18:48:41.995Z] GET https://www.hut8.com/_nuxt/ArticleDetail.HR11ZXZO.css → 200 (218ms, 1771B)
[2026-07-14T18:48:42.416Z] GET https://www.hut8.com/_nuxt/lEVUus37.js → 200 (1ms, -476B)
[2026-07-14T18:48:42.416Z] GET https://www.hut8.com/_nuxt/3ZL7ZlSJ.js → 200 (2ms, -459B)
[2026-07-14T18:48:46.833Z] POST https://www.google-analytics.com/g/collect?v=2&tid=G-KT0BR5X12V&gtm=45je67d0v9165783878za20gzb9230928549zd9230928549&_p=1784054790594&gcd=13l3l3l3l1l1&npa=0&dma=0&_eu=AEAAAAQ&ae=a&are=1&cid=1518182450.1784054796&frm=0&ngs=1&pscdl=noapi&rcb=14&sr=1440x900&uaa=x86&uab=64&uafvl=Not%253AA-Brand%3B99.0.0.0%7CHeadlessChrome%3B145.0.7632.6%7CChromium%3B145.0.7632.6&uam=&uamb=0&uap=Linux&uapv=&uaw=0&ul=en-us&_s=2&tag_exp=115938466~115938469~118826210~118897920~118897930~119027224~119381663~119773332&sid=1784054795&sct=1&seg=1&dl=https%3A%2F%2Fwww.hut8.com%2F&dt=Hut%208&en=scroll&epn.percent_scrolled=90&_et=125682&tfd=134999 → 204 (167ms, ?B)
[2026-07-14T19:15:01.644Z] GET http://localhost:5183/ → 200 (105ms, 12779B)
[2026-07-14T19:15:01.762Z] GET http://localhost:5183/@vite/client → 200 (48ms, 178928B)
[2026-07-14T19:15:01.762Z] GET http://localhost:5183/src/main.ts → pending (?ms, ?B)
[2026-07-14T19:15:01.811Z] GET http://localhost:5183/node_modules/vite/dist/client/env.mjs → 200 (7ms, 3478B)
[2026-07-14T19:15:02.335Z] GET http://localhost:5183/node_modules/@fontsource-variable/archivo/index.css → pending (?ms, ?B)
[2026-07-14T19:15:02.335Z] GET http://localhost:5183/node_modules/@fontsource/ibm-plex-mono/400.css → pending (?ms, ?B)
[2026-07-14T19:15:02.335Z] GET http://localhost:5183/node_modules/@fontsource/ibm-plex-mono/500.css → pending (?ms, ?B)
[2026-07-14T19:15:02.336Z] GET http://localhost:5183/src/styles/tokens.css → 200 (64ms, 2244B)
[2026-07-14T19:15:02.336Z] GET http://localhost:5183/src/styles/base.css → pending (?ms, ?B)
[2026-07-14T19:15:02.336Z] GET http://localhost:5183/src/styles/typography.css → 200 (28ms, 941B)
[2026-07-14T19:15:02.336Z] GET http://localhost:5183/src/styles/chrome.css → 200 (69ms, 4440B)
[2026-07-14T19:15:02.336Z] GET http://localhost:5183/src/styles/sections.css → 200 (69ms, 10976B)
[2026-07-14T19:15:02.336Z] GET http://localhost:5183/src/app/scroll.ts → 200 (289ms, 4059B)
[2026-07-14T19:15:02.336Z] GET http://localhost:5183/src/app/preloader.ts → 200 (289ms, 4613B)
[2026-07-14T19:15:02.336Z] GET http://localhost:5183/src/app/nav.ts → 200 (291ms, 6693B)
[2026-07-14T19:15:02.336Z] GET http://localhost:5183/src/app/cursor.ts → 200 (291ms, 2862B)
[2026-07-14T19:15:02.336Z] GET http://localhost:5183/src/app/sections/hero.ts → 200 (293ms, 4923B)
[2026-07-14T19:15:02.336Z] GET http://localhost:5183/src/app/sections/manifesto.ts → 200 (293ms, 3212B)
[2026-07-14T19:15:02.337Z] GET http://localhost:5183/src/app/sections/journey.ts → 200 (295ms, 6049B)
[2026-07-14T19:15:02.337Z] GET http://localhost:5183/src/app/sections/footprint.ts → 200 (294ms, 2264B)
[2026-07-14T19:15:02.337Z] GET http://localhost:5183/src/app/sections/stats.ts → 200 (297ms, 3123B)
[2026-07-14T19:15:02.337Z] GET http://localhost:5183/src/app/sections/industries.ts → 200 (297ms, 3070B)
[2026-07-14T19:15:02.337Z] GET http://localhost:5183/src/app/sections/footer.ts → 200 (299ms, 3370B)
[2026-07-14T19:15:02.337Z] GET http://localhost:5183/src/gl/stage.ts → 200 (300ms, 13479B)
[2026-07-14T19:15:02.626Z] GET http://localhost:5183/node_modules/.vite/deps/gsap.js?v=2cf0e4be → 200 (37ms, 169208B)
[2026-07-14T19:15:02.626Z] GET http://localhost:5183/node_modules/.vite/deps/gsap_ScrollTrigger.js?v=e3367c82 → 200 (32ms, 105733B)
[2026-07-14T19:15:02.626Z] GET http://localhost:5183/node_modules/.vite/deps/lenis.js?v=a6ed15c8 → 200 (36ms, 32720B)
[2026-07-14T19:15:02.630Z] GET http://localhost:5183/node_modules/.vite/deps/gsap_SplitText.js?v=23eef53a → 200 (33ms, 17249B)
[2026-07-14T19:15:02.637Z] GET http://localhost:5183/node_modules/.vite/deps/three.js?v=4e1d083a → 200 (167ms, 63254B)
[2026-07-14T19:15:02.637Z] GET http://localhost:5183/src/gl/world/field.ts → pending (?ms, ?B)
[2026-07-14T19:15:02.637Z] GET http://localhost:5183/src/gl/world/world.ts → pending (?ms, ?B)
[2026-07-14T19:15:02.637Z] GET http://localhost:5183/src/gl/world/terrain.ts → pending (?ms, ?B)
[2026-07-14T19:15:02.637Z] GET http://localhost:5183/src/gl/post/composer.ts → pending (?ms, ?B)
[2026-07-14T19:15:02.637Z] GET http://localhost:5183/src/gl/hud.ts → pending (?ms, ?B)
[2026-07-14T19:15:02.805Z] GET http://localhost:5183/node_modules/.vite/deps/chunk-IT3TP6RZ.js?v=871d4a59 → pending (?ms, ?B)
[2026-07-14T19:15:04.147Z] GET http://localhost:5183/src/gl/palette.ts → 200 (79ms, 4042B)
[2026-07-14T19:15:04.147Z] GET http://localhost:5183/src/gl/world/generation.ts → 200 (80ms, 18743B)
[2026-07-14T19:15:04.147Z] GET http://localhost:5183/src/gl/world/transmission.ts → 200 (80ms, 21001B)
[2026-07-14T19:15:04.147Z] GET http://localhost:5183/src/gl/world/compute.ts → 200 (80ms, 12709B)
[2026-07-14T19:15:04.154Z] GET http://localhost:5183/node_modules/.vite/deps/three_addons_postprocessing_EffectComposer__js.js?v=1dfe7eb4 → 200 (6ms, 10705B)
[2026-07-14T19:15:04.154Z] GET http://localhost:5183/node_modules/.vite/deps/three_addons_postprocessing_RenderPass__js.js?v=410878db → 200 (123ms, 3034B)
[2026-07-14T19:15:04.154Z] GET http://localhost:5183/node_modules/.vite/deps/three_addons_postprocessing_ShaderPass__js.js?v=a094b005 → 200 (126ms, 1354B)
[2026-07-14T19:15:04.161Z] GET http://localhost:5183/node_modules/.vite/deps/chunk-WYHAABFN.js?v=871d4a59 → 200 (120ms, 2693B)
[2026-07-14T19:15:04.161Z] GET http://localhost:5183/node_modules/.vite/deps/chunk-IEZS3O2Z.js?v=871d4a59 → 200 (120ms, 2751B)
[2026-07-14T19:15:04.442Z] GET http://localhost:5183/node_modules/@fontsource-variable/archivo/files/archivo-latin-wght-normal.woff2 → 200 (40ms, 34928B)
[2026-07-14T19:15:04.442Z] GET http://localhost:5183/node_modules/@fontsource/ibm-plex-mono/files/ibm-plex-mono-latin-500-normal.woff2 → 200 (39ms, 14888B)
[2026-07-14T19:15:04.443Z] GET http://localhost:5183/node_modules/@fontsource/ibm-plex-mono/files/ibm-plex-mono-latin-400-normal.woff2 → 200 (48ms, 14708B)
[2026-07-14T19:16:22.677Z] GET http://localhost:5183/ → 200 (25ms, ?B)
[2026-07-14T19:16:22.718Z] GET http://localhost:5183/@vite/client → 200 (3ms, ?B)
[2026-07-14T19:16:22.718Z] GET http://localhost:5183/src/main.ts → 200 (1ms, ?B)
[2026-07-14T19:16:22.719Z] GET http://localhost:5183/node_modules/@fontsource-variable/archivo/index.css → 200 (7ms, ?B)
[2026-07-14T19:16:22.719Z] GET http://localhost:5183/node_modules/@fontsource/ibm-plex-mono/400.css → 200 (8ms, ?B)
[2026-07-14T19:16:22.719Z] GET http://localhost:5183/node_modules/@fontsource/ibm-plex-mono/500.css → 200 (9ms, ?B)
[2026-07-14T19:16:22.719Z] GET http://localhost:5183/src/styles/tokens.css → 200 (8ms, ?B)
[2026-07-14T19:16:22.720Z] GET http://localhost:5183/src/styles/base.css → 200 (8ms, ?B)
[2026-07-14T19:16:22.720Z] GET http://localhost:5183/src/styles/typography.css → 200 (14ms, ?B)
[2026-07-14T19:16:22.720Z] GET http://localhost:5183/src/styles/chrome.css → 200 (15ms, ?B)
[2026-07-14T19:16:22.720Z] GET http://localhost:5183/src/styles/sections.css → 200 (15ms, ?B)
[2026-07-14T19:16:22.720Z] GET http://localhost:5183/src/app/scroll.ts → 200 (15ms, ?B)
[2026-07-14T19:16:22.720Z] GET http://localhost:5183/src/app/preloader.ts → 200 (17ms, ?B)
[2026-07-14T19:16:22.720Z] GET http://localhost:5183/src/app/nav.ts → 200 (19ms, ?B)
[2026-07-14T19:16:22.720Z] GET http://localhost:5183/src/app/cursor.ts → 200 (19ms, ?B)
[2026-07-14T19:16:22.720Z] GET http://localhost:5183/src/app/sections/hero.ts → 200 (20ms, ?B)
[2026-07-14T19:16:22.720Z] GET http://localhost:5183/src/app/sections/manifesto.ts → 200 (20ms, ?B)
[2026-07-14T19:16:22.720Z] GET http://localhost:5183/src/app/sections/journey.ts → 200 (20ms, ?B)
[2026-07-14T19:16:22.721Z] GET http://localhost:5183/src/app/sections/footprint.ts → 200 (20ms, ?B)
[2026-07-14T19:16:22.721Z] GET http://localhost:5183/src/app/sections/stats.ts → 200 (20ms, ?B)
[2026-07-14T19:16:22.721Z] GET http://localhost:5183/src/app/sections/industries.ts → 200 (20ms, ?B)
[2026-07-14T19:16:22.721Z] GET http://localhost:5183/src/app/sections/footer.ts → 200 (20ms, ?B)
[2026-07-14T19:16:22.721Z] GET http://localhost:5183/src/gl/stage.ts → 200 (20ms, ?B)
[2026-07-14T19:16:22.721Z] GET http://localhost:5183/node_modules/vite/dist/client/env.mjs → 200 (20ms, ?B)
[2026-07-14T19:16:22.736Z] GET http://localhost:5183/node_modules/.vite/deps/gsap.js?v=2cf0e4be → 200 (?ms, -312B)
[2026-07-14T19:16:22.736Z] GET http://localhost:5183/node_modules/.vite/deps/gsap_ScrollTrigger.js?v=e3367c82 → 200 (?ms, -312B)
[2026-07-14T19:16:22.736Z] GET http://localhost:5183/node_modules/.vite/deps/lenis.js?v=a6ed15c8 → 200 (1ms, -310B)
[2026-07-14T19:16:22.740Z] GET http://localhost:5183/node_modules/.vite/deps/gsap_SplitText.js?v=23eef53a → 200 (?ms, -310B)
[2026-07-14T19:16:22.741Z] GET http://localhost:5183/node_modules/.vite/deps/three.js?v=4e1d083a → 200 (1ms, -310B)
[2026-07-14T19:16:22.742Z] GET http://localhost:5183/src/gl/world/field.ts → 200 (8ms, ?B)
[2026-07-14T19:16:22.742Z] GET http://localhost:5183/src/gl/world/world.ts → 200 (8ms, ?B)
[2026-07-14T19:16:22.742Z] GET http://localhost:5183/src/gl/world/terrain.ts → 200 (8ms, ?B)
[2026-07-14T19:16:22.742Z] GET http://localhost:5183/src/gl/post/composer.ts → 200 (8ms, ?B)
[2026-07-14T19:16:22.742Z] GET http://localhost:5183/src/gl/hud.ts → 200 (8ms, ?B)
[2026-07-14T19:16:22.744Z] GET http://localhost:5183/node_modules/.vite/deps/chunk-IT3TP6RZ.js?v=871d4a59 → 200 (?ms, -314B)
[2026-07-14T19:16:22.750Z] GET http://localhost:5183/src/gl/palette.ts → 200 (2ms, ?B)
[2026-07-14T19:16:22.750Z] GET http://localhost:5183/src/gl/world/generation.ts → 200 (2ms, ?B)
[2026-07-14T19:16:22.750Z] GET http://localhost:5183/src/gl/world/transmission.ts → 200 (2ms, ?B)
[2026-07-14T19:16:22.750Z] GET http://localhost:5183/src/gl/world/compute.ts → 200 (2ms, ?B)
[2026-07-14T19:16:22.750Z] GET http://localhost:5183/node_modules/.vite/deps/three_addons_postprocessing_EffectComposer__js.js?v=1dfe7eb4 → 200 (?ms, -310B)
[2026-07-14T19:16:22.750Z] GET http://localhost:5183/node_modules/.vite/deps/three_addons_postprocessing_RenderPass__js.js?v=410878db → 200 (?ms, -308B)
[2026-07-14T19:16:22.751Z] GET http://localhost:5183/node_modules/.vite/deps/three_addons_postprocessing_ShaderPass__js.js?v=a094b005 → 200 (?ms, -307B)
[2026-07-14T19:16:22.751Z] GET http://localhost:5183/node_modules/.vite/deps/chunk-WYHAABFN.js?v=871d4a59 → 200 (?ms, -308B)
[2026-07-14T19:16:22.751Z] GET http://localhost:5183/node_modules/.vite/deps/chunk-IEZS3O2Z.js?v=871d4a59 → 200 (?ms, -308B)
[2026-07-14T19:16:23.602Z] GET http://localhost:5183/node_modules/@fontsource-variable/archivo/files/archivo-latin-wght-normal.woff2 → 304 (5ms, ?B)
[2026-07-14T19:16:23.602Z] GET http://localhost:5183/node_modules/@fontsource/ibm-plex-mono/files/ibm-plex-mono-latin-500-normal.woff2 → 304 (5ms, ?B)
[2026-07-14T19:16:23.603Z] GET http://localhost:5183/node_modules/@fontsource/ibm-plex-mono/files/ibm-plex-mono-latin-400-normal.woff2 → 304 (5ms, ?B)
[2026-07-14T19:18:29.007Z] GET http://localhost:5183/ → 200 (19ms, ?B)
[2026-07-14T19:18:29.095Z] GET http://localhost:5183/@vite/client → 200 (7ms, ?B)
[2026-07-14T19:18:29.095Z] GET http://localhost:5183/src/main.ts → 200 (1ms, ?B)
[2026-07-14T19:18:29.097Z] GET http://localhost:5183/node_modules/@fontsource-variable/archivo/index.css → 200 (6ms, ?B)
[2026-07-14T19:18:29.097Z] GET http://localhost:5183/node_modules/@fontsource/ibm-plex-mono/400.css → 200 (7ms, ?B)
[2026-07-14T19:18:29.097Z] GET http://localhost:5183/node_modules/@fontsource/ibm-plex-mono/500.css → 200 (18ms, ?B)
[2026-07-14T19:18:29.097Z] GET http://localhost:5183/src/styles/tokens.css → 200 (19ms, ?B)
[2026-07-14T19:18:29.097Z] GET http://localhost:5183/src/styles/base.css → 200 (7ms, ?B)
[2026-07-14T19:18:29.097Z] GET http://localhost:5183/src/styles/typography.css → 200 (7ms, ?B)
[2026-07-14T19:18:29.098Z] GET http://localhost:5183/src/styles/chrome.css → 200 (18ms, ?B)
[2026-07-14T19:18:29.098Z] GET http://localhost:5183/src/styles/sections.css → 200 (18ms, ?B)
[2026-07-14T19:18:29.098Z] GET http://localhost:5183/src/app/scroll.ts → 200 (18ms, ?B)
[2026-07-14T19:18:29.098Z] GET http://localhost:5183/src/app/preloader.ts → 200 (18ms, ?B)
[2026-07-14T19:18:29.098Z] GET http://localhost:5183/src/app/nav.ts → 200 (18ms, ?B)
[2026-07-14T19:18:29.098Z] GET http://localhost:5183/src/app/cursor.ts → 200 (19ms, ?B)
[2026-07-14T19:18:29.098Z] GET http://localhost:5183/src/app/sections/hero.ts → 200 (19ms, ?B)
[2026-07-14T19:18:29.098Z] GET http://localhost:5183/src/app/sections/manifesto.ts → 200 (19ms, ?B)
[2026-07-14T19:18:29.098Z] GET http://localhost:5183/src/app/sections/journey.ts → 200 (19ms, ?B)
[2026-07-14T19:18:29.098Z] GET http://localhost:5183/src/app/sections/footprint.ts → 200 (19ms, ?B)
[2026-07-14T19:18:29.098Z] GET http://localhost:5183/src/app/sections/stats.ts → 200 (19ms, ?B)
[2026-07-14T19:18:29.098Z] GET http://localhost:5183/src/app/sections/industries.ts → 200 (19ms, ?B)
[2026-07-14T19:18:29.098Z] GET http://localhost:5183/src/app/sections/footer.ts → 200 (19ms, ?B)
[2026-07-14T19:18:29.098Z] GET http://localhost:5183/src/gl/stage.ts → 200 (19ms, ?B)
[2026-07-14T19:18:29.104Z] GET http://localhost:5183/node_modules/vite/dist/client/env.mjs → 200 (17ms, ?B)
[2026-07-14T19:18:29.116Z] GET http://localhost:5183/node_modules/.vite/deps/gsap.js?v=2cf0e4be → 200 (?ms, -312B)
[2026-07-14T19:18:29.116Z] GET http://localhost:5183/node_modules/.vite/deps/gsap_ScrollTrigger.js?v=e3367c82 → 200 (?ms, -312B)
[2026-07-14T19:18:29.116Z] GET http://localhost:5183/node_modules/.vite/deps/lenis.js?v=a6ed15c8 → 200 (?ms, -310B)
[2026-07-14T19:18:29.117Z] GET http://localhost:5183/node_modules/.vite/deps/gsap_SplitText.js?v=23eef53a → 200 (?ms, -310B)
[2026-07-14T19:18:29.120Z] GET http://localhost:5183/node_modules/.vite/deps/three.js?v=4e1d083a → 200 (?ms, -310B)
[2026-07-14T19:18:29.121Z] GET http://localhost:5183/src/gl/world/field.ts → 200 (8ms, ?B)
[2026-07-14T19:18:29.121Z] GET http://localhost:5183/src/gl/world/world.ts → 200 (9ms, ?B)
[2026-07-14T19:18:29.121Z] GET http://localhost:5183/src/gl/world/terrain.ts → 200 (12ms, ?B)
[2026-07-14T19:18:29.121Z] GET http://localhost:5183/src/gl/post/composer.ts → 200 (12ms, ?B)
[2026-07-14T19:18:29.121Z] GET http://localhost:5183/src/gl/hud.ts → 200 (12ms, ?B)
[2026-07-14T19:18:29.122Z] GET http://localhost:5183/node_modules/.vite/deps/chunk-IT3TP6RZ.js?v=871d4a59 → 200 (?ms, -314B)
[2026-07-14T19:18:29.130Z] GET http://localhost:5183/src/gl/palette.ts → 200 (4ms, ?B)
[2026-07-14T19:18:29.130Z] GET http://localhost:5183/src/gl/world/generation.ts → 200 (5ms, ?B)
[2026-07-14T19:18:29.130Z] GET http://localhost:5183/src/gl/world/transmission.ts → 200 (5ms, ?B)
[2026-07-14T19:18:29.130Z] GET http://localhost:5183/src/gl/world/compute.ts → 200 (5ms, ?B)
[2026-07-14T19:18:29.133Z] GET http://localhost:5183/node_modules/.vite/deps/three_addons_postprocessing_EffectComposer__js.js?v=1dfe7eb4 → 200 (?ms, -310B)
[2026-07-14T19:18:29.133Z] GET http://localhost:5183/node_modules/.vite/deps/three_addons_postprocessing_RenderPass__js.js?v=410878db → 200 (?ms, -308B)
[2026-07-14T19:18:29.133Z] GET http://localhost:5183/node_modules/.vite/deps/three_addons_postprocessing_ShaderPass__js.js?v=a094b005 → 200 (?ms, -307B)
[2026-07-14T19:18:29.133Z] GET http://localhost:5183/node_modules/.vite/deps/chunk-WYHAABFN.js?v=871d4a59 → 200 (?ms, -308B)
[2026-07-14T19:18:29.133Z] GET http://localhost:5183/node_modules/.vite/deps/chunk-IEZS3O2Z.js?v=871d4a59 → 200 (?ms, -308B)
[2026-07-14T19:18:29.224Z] GET http://localhost:5183/node_modules/@fontsource-variable/archivo/files/archivo-latin-wght-normal.woff2 → 304 (7ms, ?B)
[2026-07-14T19:18:29.224Z] GET http://localhost:5183/node_modules/@fontsource/ibm-plex-mono/files/ibm-plex-mono-latin-500-normal.woff2 → 304 (7ms, ?B)
[2026-07-14T19:18:29.224Z] GET http://localhost:5183/node_modules/@fontsource/ibm-plex-mono/files/ibm-plex-mono-latin-400-normal.woff2 → 304 (7ms, ?B)
[2026-07-14T19:19:21.508Z] GET http://localhost:5183/?v=2 → 200 (15ms, 12779B)
[2026-07-14T19:19:21.598Z] GET http://localhost:5183/@vite/client → 200 (7ms, ?B)
[2026-07-14T19:19:21.598Z] GET http://localhost:5183/src/main.ts → 200 (7ms, ?B)
[2026-07-14T19:19:21.605Z] GET http://localhost:5183/node_modules/@fontsource-variable/archivo/index.css → 200 (1ms, ?B)
[2026-07-14T19:19:21.605Z] GET http://localhost:5183/node_modules/@fontsource/ibm-plex-mono/400.css → 200 (1ms, ?B)
[2026-07-14T19:19:21.605Z] GET http://localhost:5183/node_modules/@fontsource/ibm-plex-mono/500.css → 200 (7ms, ?B)
[2026-07-14T19:19:21.605Z] GET http://localhost:5183/src/styles/tokens.css → 200 (6ms, ?B)
[2026-07-14T19:19:21.605Z] GET http://localhost:5183/src/styles/base.css → 200 (7ms, ?B)
[2026-07-14T19:19:21.605Z] GET http://localhost:5183/src/styles/typography.css → 200 (7ms, ?B)
[2026-07-14T19:19:21.605Z] GET http://localhost:5183/src/styles/chrome.css → 200 (8ms, ?B)
[2026-07-14T19:19:21.605Z] GET http://localhost:5183/src/styles/sections.css → 200 (8ms, ?B)
[2026-07-14T19:19:21.605Z] GET http://localhost:5183/src/app/scroll.ts → 200 (8ms, ?B)
[2026-07-14T19:19:21.605Z] GET http://localhost:5183/src/app/preloader.ts → 200 (8ms, ?B)
[2026-07-14T19:19:21.605Z] GET http://localhost:5183/src/app/nav.ts → 200 (8ms, ?B)
[2026-07-14T19:19:21.605Z] GET http://localhost:5183/src/app/cursor.ts → 200 (18ms, ?B)
[2026-07-14T19:19:21.605Z] GET http://localhost:5183/src/app/sections/hero.ts → 200 (18ms, ?B)
[2026-07-14T19:19:21.605Z] GET http://localhost:5183/src/app/sections/manifesto.ts → 200 (20ms, ?B)
[2026-07-14T19:19:21.605Z] GET http://localhost:5183/src/app/sections/journey.ts → 200 (20ms, ?B)
[2026-07-14T19:19:21.605Z] GET http://localhost:5183/src/app/sections/footprint.ts → 200 (20ms, ?B)
[2026-07-14T19:19:21.605Z] GET http://localhost:5183/src/app/sections/stats.ts → 200 (24ms, ?B)
[2026-07-14T19:19:21.605Z] GET http://localhost:5183/src/app/sections/industries.ts → 200 (24ms, ?B)
[2026-07-14T19:19:21.605Z] GET http://localhost:5183/src/app/sections/footer.ts → 200 (24ms, ?B)
[2026-07-14T19:19:21.605Z] GET http://localhost:5183/src/gl/stage.ts → 200 (24ms, ?B)
[2026-07-14T19:19:21.605Z] GET http://localhost:5183/node_modules/vite/dist/client/env.mjs → 200 (24ms, ?B)
[2026-07-14T19:19:21.614Z] GET http://localhost:5183/node_modules/.vite/deps/gsap.js?v=2cf0e4be → 200 (?ms, -312B)
[2026-07-14T19:19:21.623Z] GET http://localhost:5183/node_modules/.vite/deps/gsap_ScrollTrigger.js?v=e3367c82 → 200 (?ms, -312B)
[2026-07-14T19:19:21.623Z] GET http://localhost:5183/node_modules/.vite/deps/lenis.js?v=a6ed15c8 → 200 (?ms, -310B)
[2026-07-14T19:19:21.625Z] GET http://localhost:5183/node_modules/.vite/deps/gsap_SplitText.js?v=23eef53a → 200 (?ms, -310B)
[2026-07-14T19:19:21.629Z] GET http://localhost:5183/node_modules/.vite/deps/three.js?v=4e1d083a → 200 (?ms, -310B)
[2026-07-14T19:19:21.630Z] GET http://localhost:5183/src/gl/world/field.ts → 200 (?ms, ?B)
[2026-07-14T19:19:21.630Z] GET http://localhost:5183/src/gl/world/world.ts → 200 (?ms, ?B)
[2026-07-14T19:19:21.630Z] GET http://localhost:5183/src/gl/world/terrain.ts → 200 (?ms, ?B)
[2026-07-14T19:19:21.630Z] GET http://localhost:5183/src/gl/post/composer.ts → 200 (?ms, ?B)
[2026-07-14T19:19:21.630Z] GET http://localhost:5183/src/gl/hud.ts → 200 (?ms, ?B)
[2026-07-14T19:19:21.630Z] GET http://localhost:5183/node_modules/.vite/deps/chunk-IT3TP6RZ.js?v=871d4a59 → 200 (?ms, -314B)
[2026-07-14T19:19:21.630Z] GET http://localhost:5183/src/gl/palette.ts → 200 (9ms, ?B)
[2026-07-14T19:19:21.630Z] GET http://localhost:5183/src/gl/world/generation.ts → 200 (9ms, ?B)
[2026-07-14T19:19:21.630Z] GET http://localhost:5183/src/gl/world/transmission.ts → 200 (9ms, ?B)
[2026-07-14T19:19:21.630Z] GET http://localhost:5183/src/gl/world/compute.ts → 200 (9ms, ?B)
[2026-07-14T19:19:21.630Z] GET http://localhost:5183/node_modules/.vite/deps/three_addons_postprocessing_EffectComposer__js.js?v=1dfe7eb4 → 200 (?ms, -310B)
[2026-07-14T19:19:21.631Z] GET http://localhost:5183/node_modules/.vite/deps/three_addons_postprocessing_RenderPass__js.js?v=410878db → 200 (7ms, -308B)
[2026-07-14T19:19:21.638Z] GET http://localhost:5183/node_modules/.vite/deps/three_addons_postprocessing_ShaderPass__js.js?v=a094b005 → 200 (?ms, -307B)
[2026-07-14T19:19:21.638Z] GET http://localhost:5183/node_modules/.vite/deps/chunk-WYHAABFN.js?v=871d4a59 → 200 (?ms, -308B)
[2026-07-14T19:19:21.639Z] GET http://localhost:5183/node_modules/.vite/deps/chunk-IEZS3O2Z.js?v=871d4a59 → 200 (?ms, -308B)
[2026-07-14T19:19:21.720Z] GET http://localhost:5183/node_modules/@fontsource-variable/archivo/files/archivo-latin-wght-normal.woff2 → 304 (6ms, ?B)
[2026-07-14T19:19:21.720Z] GET http://localhost:5183/node_modules/@fontsource/ibm-plex-mono/files/ibm-plex-mono-latin-500-normal.woff2 → 304 (6ms, ?B)
[2026-07-14T19:19:21.720Z] GET http://localhost:5183/node_modules/@fontsource/ibm-plex-mono/files/ibm-plex-mono-latin-400-normal.woff2 → 304 (6ms, ?B)
[2026-07-14T19:20:38.254Z] GET blob:http://localhost:5183/48dc066d-d81b-466b-8719-3c41629bdd4f → pending (?ms, ?B)
[2026-07-14T19:20:38.267Z] GET http://localhost:5183/?v=2 → pending (?ms, ?B)
[2026-07-14T19:20:38.370Z] GET http://localhost:5183/@vite/client → 200 (42ms, 178928B)
[2026-07-14T19:20:38.371Z] GET http://localhost:5183/src/main.ts → 200 (557ms, ?B)
[2026-07-14T19:20:38.413Z] GET http://localhost:5183/node_modules/vite/dist/client/env.mjs → 200 (559ms, ?B)
[2026-07-14T19:20:38.930Z] GET http://localhost:5183/node_modules/@fontsource-variable/archivo/index.css → pending (?ms, ?B)
[2026-07-14T19:20:38.930Z] GET http://localhost:5183/node_modules/@fontsource/ibm-plex-mono/400.css → 200 (329ms, ?B)
[2026-07-14T19:20:38.930Z] GET http://localhost:5183/node_modules/@fontsource/ibm-plex-mono/500.css → pending (?ms, ?B)
[2026-07-14T19:20:38.930Z] GET http://localhost:5183/src/styles/tokens.css → 200 (54ms, ?B)
[2026-07-14T19:20:38.930Z] GET http://localhost:5183/src/styles/base.css → 200 (57ms, 5054B)
[2026-07-14T19:20:38.930Z] GET http://localhost:5183/src/styles/typography.css → 200 (59ms, ?B)
[2026-07-14T19:20:38.930Z] GET http://localhost:5183/src/styles/chrome.css → pending (?ms, ?B)
[2026-07-14T19:20:38.931Z] GET http://localhost:5183/src/styles/sections.css → pending (?ms, ?B)
[2026-07-14T19:20:38.931Z] GET http://localhost:5183/src/app/scroll.ts → pending (?ms, ?B)
[2026-07-14T19:20:38.931Z] GET http://localhost:5183/src/app/preloader.ts → pending (?ms, ?B)
[2026-07-14T19:20:38.931Z] GET http://localhost:5183/src/app/nav.ts → pending (?ms, ?B)
[2026-07-14T19:20:38.931Z] GET http://localhost:5183/src/app/cursor.ts → pending (?ms, ?B)
[2026-07-14T19:20:38.931Z] GET http://localhost:5183/src/app/sections/hero.ts → pending (?ms, ?B)
[2026-07-14T19:20:38.931Z] GET http://localhost:5183/src/app/sections/manifesto.ts → pending (?ms, ?B)
[2026-07-14T19:20:38.931Z] GET http://localhost:5183/src/app/sections/journey.ts → pending (?ms, ?B)
[2026-07-14T19:20:38.931Z] GET http://localhost:5183/src/app/sections/footprint.ts → pending (?ms, ?B)
[2026-07-14T19:20:38.931Z] GET http://localhost:5183/src/app/sections/stats.ts → pending (?ms, ?B)
[2026-07-14T19:20:38.931Z] GET http://localhost:5183/src/app/sections/industries.ts → pending (?ms, ?B)
[2026-07-14T19:20:38.931Z] GET http://localhost:5183/src/app/sections/footer.ts → pending (?ms, ?B)
[2026-07-14T19:20:38.931Z] GET http://localhost:5183/src/gl/stage.ts → pending (?ms, ?B)
[2026-07-14T19:20:39.629Z] GET http://localhost:5183/node_modules/.vite/deps/gsap.js?v=6f66b7da → 200 (184ms, 169208B)
[2026-07-14T19:20:39.784Z] GET http://localhost:5183/node_modules/.vite/deps/gsap_SplitText.js?v=6f66b7da → 200 (29ms, 17249B)
[2026-07-14T19:20:39.786Z] GET http://localhost:5183/node_modules/.vite/deps/gsap_ScrollTrigger.js?v=6f66b7da → 200 (18ms, 105733B)
[2026-07-14T19:20:39.786Z] GET http://localhost:5183/node_modules/.vite/deps/lenis.js?v=6f66b7da → 200 (21ms, 32720B)
[2026-07-14T19:20:39.789Z] GET http://localhost:5183/node_modules/.vite/deps/three.js?v=6f66b7da → 200 (24ms, 63254B)
[2026-07-14T19:20:39.789Z] GET http://localhost:5183/src/gl/world/field.ts → 200 (176ms, 12077B)
[2026-07-14T19:20:39.789Z] GET http://localhost:5183/src/gl/world/world.ts → 200 (177ms, 21163B)
[2026-07-14T19:20:39.789Z] GET http://localhost:5183/src/gl/world/terrain.ts → 200 (177ms, 19739B)
[2026-07-14T19:20:39.789Z] GET http://localhost:5183/src/gl/post/composer.ts → 200 (31ms, 7598B)
[2026-07-14T19:20:39.789Z] GET http://localhost:5183/src/gl/hud.ts → 200 (27ms, 10861B)
[2026-07-14T19:20:39.813Z] GET http://localhost:5183/node_modules/.vite/deps/chunk-IT3TP6RZ.js?v=6f66b7da → 200 (237ms, 1618711B)
[2026-07-14T19:20:39.821Z] GET http://localhost:5183/node_modules/.vite/deps/three_addons_postprocessing_EffectComposer__js.js?v=6f66b7da → 200 (161ms, 10705B)
[2026-07-14T19:20:39.821Z] GET http://localhost:5183/node_modules/.vite/deps/three_addons_postprocessing_RenderPass__js.js?v=6f66b7da → 200 (161ms, 3034B)
[2026-07-14T19:20:39.821Z] GET http://localhost:5183/node_modules/.vite/deps/three_addons_postprocessing_ShaderPass__js.js?v=6f66b7da → 200 (161ms, 1354B)
[2026-07-14T19:20:39.966Z] GET http://localhost:5183/src/gl/palette.ts → 200 (16ms, 4042B)
[2026-07-14T19:20:39.966Z] GET http://localhost:5183/src/gl/world/generation.ts → 200 (121ms, 18743B)
[2026-07-14T19:20:39.966Z] GET http://localhost:5183/src/gl/world/transmission.ts → 200 (126ms, 21001B)
[2026-07-14T19:20:39.966Z] GET http://localhost:5183/src/gl/world/compute.ts → 200 (125ms, 12709B)
[2026-07-14T19:20:39.982Z] GET http://localhost:5183/node_modules/.vite/deps/chunk-IEZS3O2Z.js?v=6f66b7da → 200 (109ms, 2751B)
[2026-07-14T19:20:39.982Z] GET http://localhost:5183/node_modules/.vite/deps/chunk-WYHAABFN.js?v=6f66b7da → 200 (105ms, 2693B)
[2026-07-14T19:20:40.223Z] GET http://localhost:5183/node_modules/@fontsource-variable/archivo/files/archivo-latin-wght-normal.woff2 → 304 (?ms, ?B)
[2026-07-14T19:20:40.223Z] GET http://localhost:5183/node_modules/@fontsource/ibm-plex-mono/files/ibm-plex-mono-latin-500-normal.woff2 → 304 (1ms, ?B)
[2026-07-14T19:20:40.223Z] GET http://localhost:5183/node_modules/@fontsource/ibm-plex-mono/files/ibm-plex-mono-latin-400-normal.woff2 → 304 (1ms, ?B)
[2026-07-14T19:20:54.994Z] GET blob:http://localhost:5183/ebb0c6b8-c90f-4bef-b350-e2823d7cfa9f → pending (?ms, ?B)
[2026-07-14T19:21:38.384Z] GET http://localhost:5183/?v=2 → 200 (124ms, ?B)
[2026-07-14T19:21:38.551Z] GET http://localhost:5183/@vite/client → pending (?ms, ?B)
[2026-07-14T19:21:38.551Z] GET http://localhost:5183/src/main.ts → pending (?ms, ?B)
[2026-07-14T19:21:39.007Z] GET http://localhost:5183/node_modules/@fontsource-variable/archivo/index.css → pending (?ms, ?B)
[2026-07-14T19:21:39.007Z] GET http://localhost:5183/node_modules/@fontsource/ibm-plex-mono/400.css → pending (?ms, ?B)
[2026-07-14T19:21:39.007Z] GET http://localhost:5183/node_modules/@fontsource/ibm-plex-mono/500.css → pending (?ms, ?B)
[2026-07-14T19:21:39.007Z] GET http://localhost:5183/src/styles/tokens.css → 200 (43ms, ?B)
[2026-07-14T19:21:39.008Z] GET http://localhost:5183/src/styles/base.css → pending (?ms, ?B)
[2026-07-14T19:21:39.008Z] GET http://localhost:5183/src/styles/typography.css → 200 (68ms, ?B)
[2026-07-14T19:21:39.008Z] GET http://localhost:5183/src/styles/chrome.css → 200 (89ms, ?B)
[2026-07-14T19:21:39.008Z] GET http://localhost:5183/src/styles/sections.css → 200 (332ms, ?B)
[2026-07-14T19:21:39.008Z] GET http://localhost:5183/src/app/scroll.ts → 200 (328ms, ?B)
[2026-07-14T19:21:39.008Z] GET http://localhost:5183/src/app/preloader.ts → 200 (333ms, ?B)
[2026-07-14T19:21:39.008Z] GET http://localhost:5183/src/app/nav.ts → 200 (333ms, ?B)
[2026-07-14T19:21:39.008Z] GET http://localhost:5183/src/app/cursor.ts → 200 (335ms, ?B)
[2026-07-14T19:21:39.008Z] GET http://localhost:5183/src/app/sections/hero.ts → 200 (335ms, ?B)
[2026-07-14T19:21:39.008Z] GET http://localhost:5183/src/app/sections/manifesto.ts → 200 (336ms, ?B)
[2026-07-14T19:21:39.008Z] GET http://localhost:5183/src/app/sections/journey.ts → 200 (336ms, ?B)
[2026-07-14T19:21:39.008Z] GET http://localhost:5183/src/app/sections/footprint.ts → 200 (337ms, ?B)
[2026-07-14T19:21:39.008Z] GET http://localhost:5183/src/app/sections/stats.ts → 200 (338ms, ?B)
[2026-07-14T19:21:39.008Z] GET http://localhost:5183/src/app/sections/industries.ts → 200 (339ms, ?B)
[2026-07-14T19:21:39.008Z] GET http://localhost:5183/src/app/sections/footer.ts → 200 (339ms, ?B)
[2026-07-14T19:21:39.008Z] GET http://localhost:5183/src/gl/stage.ts → 200 (340ms, ?B)
[2026-07-14T19:21:39.097Z] GET http://localhost:5183/node_modules/vite/dist/client/env.mjs → 200 (270ms, ?B)
[2026-07-14T19:21:39.339Z] GET http://localhost:5183/node_modules/.vite/deps/gsap.js?v=6f66b7da → 200 (?ms, -312B)
[2026-07-14T19:21:39.339Z] GET http://localhost:5183/node_modules/.vite/deps/gsap_ScrollTrigger.js?v=6f66b7da → 200 (1ms, -312B)
[2026-07-14T19:21:39.340Z] GET http://localhost:5183/node_modules/.vite/deps/lenis.js?v=6f66b7da → 200 (?ms, -310B)
[2026-07-14T19:21:39.344Z] GET http://localhost:5183/node_modules/.vite/deps/gsap_SplitText.js?v=6f66b7da → 200 (?ms, -310B)
[2026-07-14T19:21:39.349Z] GET http://localhost:5183/node_modules/.vite/deps/three.js?v=6f66b7da → 200 (?ms, -310B)
[2026-07-14T19:21:39.349Z] GET http://localhost:5183/src/gl/world/field.ts → pending (?ms, ?B)
[2026-07-14T19:21:39.349Z] GET http://localhost:5183/src/gl/world/world.ts → pending (?ms, ?B)
[2026-07-14T19:21:39.349Z] GET http://localhost:5183/src/gl/world/terrain.ts → pending (?ms, ?B)
[2026-07-14T19:21:39.349Z] GET http://localhost:5183/src/gl/post/composer.ts → pending (?ms, ?B)
[2026-07-14T19:21:39.349Z] GET http://localhost:5183/src/gl/hud.ts → pending (?ms, ?B)
[2026-07-14T19:21:39.349Z] GET http://localhost:5183/node_modules/.vite/deps/chunk-IT3TP6RZ.js?v=6f66b7da → 200 (?ms, -314B)
[2026-07-14T19:21:40.801Z] GET http://localhost:5183/node_modules/.vite/deps/three_addons_postprocessing_EffectComposer__js.js?v=6f66b7da → 200 (?ms, -310B)
[2026-07-14T19:21:40.801Z] GET http://localhost:5183/node_modules/.vite/deps/three_addons_postprocessing_RenderPass__js.js?v=6f66b7da → 200 (?ms, -308B)
[2026-07-14T19:21:40.802Z] GET http://localhost:5183/node_modules/.vite/deps/three_addons_postprocessing_ShaderPass__js.js?v=6f66b7da → 200 (?ms, -307B)
[2026-07-14T19:21:40.802Z] GET http://localhost:5183/node_modules/.vite/deps/chunk-WYHAABFN.js?v=6f66b7da → 200 (?ms, -308B)
[2026-07-14T19:21:40.802Z] GET http://localhost:5183/node_modules/.vite/deps/chunk-IEZS3O2Z.js?v=6f66b7da → 200 (?ms, -308B)
[2026-07-14T19:21:40.917Z] GET http://localhost:5183/src/gl/palette.ts → 200 (24ms, ?B)
[2026-07-14T19:21:40.917Z] GET http://localhost:5183/src/gl/world/generation.ts → 200 (106ms, ?B)
[2026-07-14T19:21:40.917Z] GET http://localhost:5183/src/gl/world/transmission.ts → 200 (106ms, ?B)
[2026-07-14T19:21:40.917Z] GET http://localhost:5183/src/gl/world/compute.ts → 200 (106ms, ?B)
[2026-07-14T19:21:41.135Z] GET http://localhost:5183/node_modules/@fontsource-variable/archivo/files/archivo-latin-wght-normal.woff2 → 304 (3ms, ?B)
[2026-07-14T19:21:41.135Z] GET http://localhost:5183/node_modules/@fontsource/ibm-plex-mono/files/ibm-plex-mono-latin-500-normal.woff2 → 304 (4ms, ?B)
[2026-07-14T19:21:41.135Z] GET http://localhost:5183/node_modules/@fontsource/ibm-plex-mono/files/ibm-plex-mono-latin-400-normal.woff2 → 304 (4ms, ?B)
[2026-07-14T19:22:23.892Z] GET http://localhost:5183/?v=3 → 200 (29ms, 12779B)
[2026-07-14T19:22:23.994Z] GET http://localhost:5183/@vite/client → 200 (2ms, ?B)
[2026-07-14T19:22:23.994Z] GET http://localhost:5183/src/main.ts → 200 (1ms, ?B)
[2026-07-14T19:22:23.995Z] GET http://localhost:5183/node_modules/@fontsource-variable/archivo/index.css → 200 (1ms, ?B)
[2026-07-14T19:22:23.995Z] GET http://localhost:5183/node_modules/@fontsource/ibm-plex-mono/400.css → 200 (2ms, ?B)
[2026-07-14T19:22:23.995Z] GET http://localhost:5183/node_modules/@fontsource/ibm-plex-mono/500.css → 200 (5ms, ?B)
[2026-07-14T19:22:23.995Z] GET http://localhost:5183/src/styles/tokens.css → 200 (3ms, ?B)
[2026-07-14T19:22:23.995Z] GET http://localhost:5183/src/styles/base.css → 200 (5ms, ?B)
[2026-07-14T19:22:23.995Z] GET http://localhost:5183/src/styles/typography.css → 200 (6ms, ?B)
[2026-07-14T19:22:23.995Z] GET http://localhost:5183/src/styles/chrome.css → 200 (6ms, ?B)
[2026-07-14T19:22:23.995Z] GET http://localhost:5183/src/styles/sections.css → 200 (5ms, ?B)
[2026-07-14T19:22:23.995Z] GET http://localhost:5183/src/app/scroll.ts → 200 (6ms, ?B)
[2026-07-14T19:22:23.995Z] GET http://localhost:5183/src/app/preloader.ts → 200 (8ms, ?B)
[2026-07-14T19:22:23.995Z] GET http://localhost:5183/src/app/nav.ts → 200 (15ms, ?B)
[2026-07-14T19:22:23.995Z] GET http://localhost:5183/src/app/cursor.ts → 200 (16ms, ?B)
[2026-07-14T19:22:23.995Z] GET http://localhost:5183/src/app/sections/hero.ts → 200 (16ms, ?B)
[2026-07-14T19:22:23.995Z] GET http://localhost:5183/src/app/sections/manifesto.ts → 200 (16ms, ?B)
[2026-07-14T19:22:23.995Z] GET http://localhost:5183/src/app/sections/journey.ts → 200 (18ms, ?B)
[2026-07-14T19:22:23.995Z] GET http://localhost:5183/src/app/sections/footprint.ts → 200 (18ms, ?B)
[2026-07-14T19:22:23.995Z] GET http://localhost:5183/src/app/sections/stats.ts → 200 (18ms, ?B)
[2026-07-14T19:22:23.995Z] GET http://localhost:5183/src/app/sections/industries.ts → 200 (18ms, ?B)
[2026-07-14T19:22:23.995Z] GET http://localhost:5183/src/app/sections/footer.ts → 200 (18ms, ?B)
[2026-07-14T19:22:23.995Z] GET http://localhost:5183/src/gl/stage.ts → 200 (18ms, ?B)
[2026-07-14T19:22:23.996Z] GET http://localhost:5183/node_modules/vite/dist/client/env.mjs → 200 (17ms, ?B)
[2026-07-14T19:22:24.002Z] GET http://localhost:5183/node_modules/.vite/deps/gsap.js?v=6f66b7da → 200 (?ms, -312B)
[2026-07-14T19:22:24.002Z] GET http://localhost:5183/node_modules/.vite/deps/gsap_ScrollTrigger.js?v=6f66b7da → 200 (?ms, -312B)
[2026-07-14T19:22:24.002Z] GET http://localhost:5183/node_modules/.vite/deps/lenis.js?v=6f66b7da → 200 (?ms, -310B)
[2026-07-14T19:22:24.013Z] GET http://localhost:5183/node_modules/.vite/deps/gsap_SplitText.js?v=6f66b7da → 200 (?ms, -310B)
[2026-07-14T19:22:24.013Z] GET http://localhost:5183/node_modules/.vite/deps/three.js?v=6f66b7da → 200 (?ms, -310B)
[2026-07-14T19:22:24.013Z] GET http://localhost:5183/src/gl/world/field.ts → 200 (2ms, ?B)
[2026-07-14T19:22:24.013Z] GET http://localhost:5183/src/gl/world/world.ts → 200 (2ms, ?B)
[2026-07-14T19:22:24.013Z] GET http://localhost:5183/src/gl/world/terrain.ts → 200 (3ms, ?B)
[2026-07-14T19:22:24.013Z] GET http://localhost:5183/src/gl/post/composer.ts → 200 (3ms, ?B)
[2026-07-14T19:22:24.013Z] GET http://localhost:5183/src/gl/hud.ts → 200 (2ms, ?B)
[2026-07-14T19:22:24.013Z] GET http://localhost:5183/node_modules/.vite/deps/chunk-IT3TP6RZ.js?v=6f66b7da → 200 (?ms, -314B)
[2026-07-14T19:22:24.017Z] GET http://localhost:5183/src/gl/palette.ts → 200 (2ms, ?B)
[2026-07-14T19:22:24.017Z] GET http://localhost:5183/src/gl/world/generation.ts → 200 (2ms, ?B)
[2026-07-14T19:22:24.017Z] GET http://localhost:5183/src/gl/world/transmission.ts → 200 (3ms, ?B)
[2026-07-14T19:22:24.017Z] GET http://localhost:5183/src/gl/world/compute.ts → 200 (3ms, ?B)
[2026-07-14T19:22:24.017Z] GET http://localhost:5183/node_modules/.vite/deps/three_addons_postprocessing_EffectComposer__js.js?v=6f66b7da → 200 (?ms, -310B)
[2026-07-14T19:22:24.017Z] GET http://localhost:5183/node_modules/.vite/deps/three_addons_postprocessing_RenderPass__js.js?v=6f66b7da → 200 (?ms, -308B)
[2026-07-14T19:22:24.017Z] GET http://localhost:5183/node_modules/.vite/deps/three_addons_postprocessing_ShaderPass__js.js?v=6f66b7da → 200 (?ms, -307B)
[2026-07-14T19:22:24.017Z] GET http://localhost:5183/node_modules/.vite/deps/chunk-WYHAABFN.js?v=6f66b7da → 200 (?ms, -308B)
[2026-07-14T19:22:24.017Z] GET http://localhost:5183/node_modules/.vite/deps/chunk-IEZS3O2Z.js?v=6f66b7da → 200 (1ms, -308B)
[2026-07-14T19:22:24.114Z] GET http://localhost:5183/node_modules/@fontsource-variable/archivo/files/archivo-latin-wght-normal.woff2 → 304 (5ms, ?B)
[2026-07-14T19:22:24.114Z] GET http://localhost:5183/node_modules/@fontsource/ibm-plex-mono/files/ibm-plex-mono-latin-500-normal.woff2 → 304 (5ms, ?B)
[2026-07-14T19:22:24.115Z] GET http://localhost:5183/node_modules/@fontsource/ibm-plex-mono/files/ibm-plex-mono-latin-400-normal.woff2 → 304 (4ms, ?B)
[2026-07-14T19:25:27.214Z] GET http://localhost:5183/src/styles/sections.css?t=1784057127183 → 200 (10ms, 11091B)
[2026-07-14T19:28:13.505Z] GET http://localhost:5183/?v=4 → 200 (21ms, 12795B)
[2026-07-14T19:28:13.561Z] GET http://localhost:5183/@vite/client → 200 (5ms, ?B)
[2026-07-14T19:28:13.561Z] GET http://localhost:5183/src/main.ts?t=1784057127183 → 200 (2ms, 3444B)
[2026-07-14T19:28:13.566Z] GET http://localhost:5183/node_modules/@fontsource-variable/archivo/index.css → 200 (1ms, ?B)
[2026-07-14T19:28:13.566Z] GET http://localhost:5183/node_modules/@fontsource/ibm-plex-mono/400.css → 200 (5ms, ?B)
[2026-07-14T19:28:13.566Z] GET http://localhost:5183/node_modules/@fontsource/ibm-plex-mono/500.css → 200 (9ms, ?B)
[2026-07-14T19:28:13.566Z] GET http://localhost:5183/src/styles/tokens.css → 200 (9ms, ?B)
[2026-07-14T19:28:13.566Z] GET http://localhost:5183/src/styles/base.css → 200 (9ms, ?B)
[2026-07-14T19:28:13.566Z] GET http://localhost:5183/src/styles/typography.css → 200 (10ms, ?B)
[2026-07-14T19:28:13.567Z] GET http://localhost:5183/src/styles/chrome.css → 200 (8ms, ?B)
[2026-07-14T19:28:13.567Z] GET http://localhost:5183/src/styles/sections.css?t=1784057127183 → 200 (9ms, ?B)
[2026-07-14T19:28:13.567Z] GET http://localhost:5183/src/app/scroll.ts → 200 (10ms, ?B)
[2026-07-14T19:28:13.567Z] GET http://localhost:5183/src/app/preloader.ts → 200 (10ms, ?B)
[2026-07-14T19:28:13.567Z] GET http://localhost:5183/src/app/nav.ts → 200 (11ms, ?B)
[2026-07-14T19:28:13.567Z] GET http://localhost:5183/src/app/cursor.ts → 200 (11ms, ?B)
[2026-07-14T19:28:13.567Z] GET http://localhost:5183/src/app/sections/hero.ts → 200 (11ms, ?B)
[2026-07-14T19:28:13.567Z] GET http://localhost:5183/src/app/sections/manifesto.ts → 200 (11ms, ?B)
[2026-07-14T19:28:13.567Z] GET http://localhost:5183/src/app/sections/journey.ts → 200 (11ms, ?B)
[2026-07-14T19:28:13.567Z] GET http://localhost:5183/src/app/sections/footprint.ts → 200 (11ms, ?B)
[2026-07-14T19:28:13.567Z] GET http://localhost:5183/src/app/sections/stats.ts → 200 (12ms, ?B)
[2026-07-14T19:28:13.567Z] GET http://localhost:5183/src/app/sections/industries.ts → 200 (14ms, ?B)
[2026-07-14T19:28:13.567Z] GET http://localhost:5183/src/app/sections/footer.ts → 200 (17ms, ?B)
[2026-07-14T19:28:13.567Z] GET http://localhost:5183/src/gl/stage.ts → 200 (17ms, ?B)
[2026-07-14T19:28:13.567Z] GET http://localhost:5183/node_modules/vite/dist/client/env.mjs → 200 (17ms, ?B)
[2026-07-14T19:28:13.577Z] GET http://localhost:5183/node_modules/.vite/deps/gsap.js?v=6f66b7da → 200 (11ms, -265B)
[2026-07-14T19:28:13.577Z] GET http://localhost:5183/node_modules/.vite/deps/gsap_ScrollTrigger.js?v=6f66b7da → 200 (11ms, -265B)
[2026-07-14T19:28:13.577Z] GET http://localhost:5183/node_modules/.vite/deps/lenis.js?v=6f66b7da → 200 (6ms, -263B)
[2026-07-14T19:28:13.579Z] GET http://localhost:5183/node_modules/.vite/deps/gsap_SplitText.js?v=6f66b7da → 200 (9ms, -263B)
[2026-07-14T19:28:13.587Z] GET http://localhost:5183/node_modules/.vite/deps/three.js?v=6f66b7da → 200 (12ms, -263B)
[2026-07-14T19:28:13.587Z] GET http://localhost:5183/src/gl/world/field.ts → 200 (12ms, ?B)
[2026-07-14T19:28:13.587Z] GET http://localhost:5183/src/gl/world/world.ts → 200 (14ms, ?B)
[2026-07-14T19:28:13.587Z] GET http://localhost:5183/src/gl/world/terrain.ts → 200 (13ms, ?B)
[2026-07-14T19:28:13.587Z] GET http://localhost:5183/src/gl/post/composer.ts → 200 (14ms, ?B)
[2026-07-14T19:28:13.587Z] GET http://localhost:5183/src/gl/hud.ts → 200 (13ms, ?B)
[2026-07-14T19:28:13.599Z] GET http://localhost:5183/node_modules/.vite/deps/chunk-IT3TP6RZ.js?v=6f66b7da → 200 (19ms, -267B)
[2026-07-14T19:28:13.601Z] GET http://localhost:5183/node_modules/.vite/deps/three_addons_postprocessing_EffectComposer__js.js?v=6f66b7da → 200 (?ms, -263B)
[2026-07-14T19:28:13.601Z] GET http://localhost:5183/node_modules/.vite/deps/three_addons_postprocessing_RenderPass__js.js?v=6f66b7da → 200 (?ms, -261B)
[2026-07-14T19:28:13.601Z] GET http://localhost:5183/node_modules/.vite/deps/three_addons_postprocessing_ShaderPass__js.js?v=6f66b7da → 200 (?ms, -260B)
[2026-07-14T19:28:13.601Z] GET http://localhost:5183/src/gl/palette.ts → 200 (?ms, ?B)
[2026-07-14T19:28:13.601Z] GET http://localhost:5183/src/gl/world/generation.ts → 200 (1ms, ?B)
[2026-07-14T19:28:13.601Z] GET http://localhost:5183/src/gl/world/transmission.ts → 200 (1ms, ?B)
[2026-07-14T19:28:13.601Z] GET http://localhost:5183/src/gl/world/compute.ts → 200 (1ms, ?B)
[2026-07-14T19:28:13.601Z] GET http://localhost:5183/node_modules/.vite/deps/chunk-WYHAABFN.js?v=6f66b7da → 200 (1ms, -261B)
[2026-07-14T19:28:13.601Z] GET http://localhost:5183/node_modules/.vite/deps/chunk-IEZS3O2Z.js?v=6f66b7da → 200 (1ms, -261B)
[2026-07-14T19:28:13.735Z] GET http://localhost:5183/node_modules/@fontsource-variable/archivo/files/archivo-latin-wght-normal.woff2 → 304 (6ms, ?B)
[2026-07-14T19:28:13.736Z] GET http://localhost:5183/node_modules/@fontsource/ibm-plex-mono/files/ibm-plex-mono-latin-500-normal.woff2 → 304 (5ms, ?B)
[2026-07-14T19:28:13.736Z] GET http://localhost:5183/node_modules/@fontsource/ibm-plex-mono/files/ibm-plex-mono-latin-400-normal.woff2 → 304 (6ms, ?B)
[2026-07-14T19:30:05.653Z] GET http://localhost:5183/?v=5 → 200 (24ms, 12795B)
[2026-07-14T19:30:05.694Z] GET http://localhost:5183/@vite/client → 200 (2ms, ?B)
[2026-07-14T19:30:05.694Z] GET http://localhost:5183/src/main.ts?t=1784057127183 → 200 (?ms, ?B)
[2026-07-14T19:30:05.695Z] GET http://localhost:5183/node_modules/@fontsource-variable/archivo/index.css → 200 (8ms, ?B)
[2026-07-14T19:30:05.695Z] GET http://localhost:5183/node_modules/@fontsource/ibm-plex-mono/400.css → 200 (8ms, ?B)
[2026-07-14T19:30:05.695Z] GET http://localhost:5183/node_modules/@fontsource/ibm-plex-mono/500.css → 200 (10ms, ?B)
[2026-07-14T19:30:05.695Z] GET http://localhost:5183/src/styles/tokens.css → 200 (10ms, ?B)
[2026-07-14T19:30:05.695Z] GET http://localhost:5183/src/styles/base.css → 200 (11ms, ?B)
[2026-07-14T19:30:05.695Z] GET http://localhost:5183/src/styles/typography.css → 200 (11ms, ?B)
[2026-07-14T19:30:05.695Z] GET http://localhost:5183/src/styles/chrome.css → 200 (11ms, ?B)
[2026-07-14T19:30:05.695Z] GET http://localhost:5183/src/styles/sections.css?t=1784057127183 → 200 (16ms, ?B)
[2026-07-14T19:30:05.695Z] GET http://localhost:5183/src/app/scroll.ts → 200 (17ms, ?B)
[2026-07-14T19:30:05.695Z] GET http://localhost:5183/src/app/preloader.ts → 200 (19ms, ?B)
[2026-07-14T19:30:05.695Z] GET http://localhost:5183/src/app/nav.ts → 200 (19ms, ?B)
[2026-07-14T19:30:05.696Z] GET http://localhost:5183/src/app/cursor.ts → 200 (18ms, ?B)
[2026-07-14T19:30:05.696Z] GET http://localhost:5183/src/app/sections/hero.ts → 200 (18ms, ?B)
[2026-07-14T19:30:05.696Z] GET http://localhost:5183/src/app/sections/manifesto.ts → 200 (18ms, ?B)
[2026-07-14T19:30:05.696Z] GET http://localhost:5183/src/app/sections/journey.ts → 200 (19ms, ?B)
[2026-07-14T19:30:05.696Z] GET http://localhost:5183/src/app/sections/footprint.ts → 200 (19ms, ?B)
[2026-07-14T19:30:05.696Z] GET http://localhost:5183/src/app/sections/stats.ts → 200 (20ms, ?B)
[2026-07-14T19:30:05.696Z] GET http://localhost:5183/src/app/sections/industries.ts → 200 (22ms, ?B)
[2026-07-14T19:30:05.696Z] GET http://localhost:5183/src/app/sections/footer.ts → 200 (22ms, ?B)
[2026-07-14T19:30:05.696Z] GET http://localhost:5183/src/gl/stage.ts → 200 (22ms, ?B)
[2026-07-14T19:30:05.696Z] GET http://localhost:5183/node_modules/vite/dist/client/env.mjs → 200 (22ms, ?B)
[2026-07-14T19:30:05.714Z] GET http://localhost:5183/node_modules/.vite/deps/gsap.js?v=6f66b7da → 200 (?ms, -265B)
[2026-07-14T19:30:05.714Z] GET http://localhost:5183/node_modules/.vite/deps/gsap_ScrollTrigger.js?v=6f66b7da → 200 (?ms, -265B)
[2026-07-14T19:30:05.714Z] GET http://localhost:5183/node_modules/.vite/deps/lenis.js?v=6f66b7da → 200 (?ms, -263B)
[2026-07-14T19:30:05.715Z] GET http://localhost:5183/node_modules/.vite/deps/gsap_SplitText.js?v=6f66b7da → 200 (?ms, -263B)
[2026-07-14T19:30:05.718Z] GET http://localhost:5183/node_modules/.vite/deps/three.js?v=6f66b7da → 200 (?ms, -263B)
[2026-07-14T19:30:05.719Z] GET http://localhost:5183/src/gl/world/field.ts → 200 (2ms, ?B)
[2026-07-14T19:30:05.719Z] GET http://localhost:5183/src/gl/world/world.ts → 200 (3ms, ?B)
[2026-07-14T19:30:05.719Z] GET http://localhost:5183/src/gl/world/terrain.ts → 200 (3ms, ?B)
[2026-07-14T19:30:05.719Z] GET http://localhost:5183/src/gl/post/composer.ts → 200 (3ms, ?B)
[2026-07-14T19:30:05.719Z] GET http://localhost:5183/src/gl/hud.ts → 200 (3ms, ?B)
[2026-07-14T19:30:05.720Z] GET http://localhost:5183/node_modules/.vite/deps/chunk-IT3TP6RZ.js?v=6f66b7da → 200 (?ms, -267B)
[2026-07-14T19:30:05.722Z] GET http://localhost:5183/src/gl/palette.ts → 200 (7ms, ?B)
[2026-07-14T19:30:05.722Z] GET http://localhost:5183/src/gl/world/generation.ts → 200 (7ms, ?B)
[2026-07-14T19:30:05.722Z] GET http://localhost:5183/src/gl/world/transmission.ts → 200 (8ms, ?B)
[2026-07-14T19:30:05.722Z] GET http://localhost:5183/src/gl/world/compute.ts → 200 (8ms, ?B)
[2026-07-14T19:30:05.728Z] GET http://localhost:5183/node_modules/.vite/deps/three_addons_postprocessing_EffectComposer__js.js?v=6f66b7da → 200 (?ms, -263B)
[2026-07-14T19:30:05.728Z] GET http://localhost:5183/node_modules/.vite/deps/three_addons_postprocessing_RenderPass__js.js?v=6f66b7da → 200 (?ms, -261B)
[2026-07-14T19:30:05.728Z] GET http://localhost:5183/node_modules/.vite/deps/three_addons_postprocessing_ShaderPass__js.js?v=6f66b7da → 200 (?ms, -260B)
[2026-07-14T19:30:05.728Z] GET http://localhost:5183/node_modules/.vite/deps/chunk-WYHAABFN.js?v=6f66b7da → 200 (?ms, -261B)
[2026-07-14T19:30:05.728Z] GET http://localhost:5183/node_modules/.vite/deps/chunk-IEZS3O2Z.js?v=6f66b7da → 200 (?ms, -261B)
[2026-07-14T19:30:05.834Z] GET http://localhost:5183/node_modules/@fontsource-variable/archivo/files/archivo-latin-wght-normal.woff2 → 304 (6ms, ?B)
[2026-07-14T19:30:05.834Z] GET http://localhost:5183/node_modules/@fontsource/ibm-plex-mono/files/ibm-plex-mono-latin-500-normal.woff2 → 304 (6ms, ?B)
[2026-07-14T19:30:05.835Z] GET http://localhost:5183/node_modules/@fontsource/ibm-plex-mono/files/ibm-plex-mono-latin-400-normal.woff2 → 304 (5ms, ?B)
[2026-07-14T19:31:18.779Z] GET http://localhost:5183/src/styles/sections.css?t=1784057478766 → 200 (28ms, 11179B)
[2026-07-14T19:31:20.368Z] GET http://localhost:5183/src/styles/sections.css?t=1784057480365 → 200 (52ms, 11253B)
[2026-07-14T19:31:45.313Z] GET http://localhost:5183/?v=6 → 200 (20ms, 12795B)
[2026-07-14T19:31:45.370Z] GET http://localhost:5183/@vite/client → 200 (2ms, ?B)
[2026-07-14T19:31:45.370Z] GET http://localhost:5183/src/main.ts?t=1784057480365 → 200 (?ms, 3444B)
[2026-07-14T19:31:45.371Z] GET http://localhost:5183/node_modules/@fontsource-variable/archivo/index.css → 200 (5ms, ?B)
[2026-07-14T19:31:45.371Z] GET http://localhost:5183/node_modules/@fontsource/ibm-plex-mono/400.css → 200 (7ms, ?B)
[2026-07-14T19:31:45.371Z] GET http://localhost:5183/node_modules/@fontsource/ibm-plex-mono/500.css → 200 (18ms, ?B)
[2026-07-14T19:31:45.371Z] GET http://localhost:5183/src/styles/tokens.css → 200 (18ms, ?B)
[2026-07-14T19:31:45.371Z] GET http://localhost:5183/src/styles/base.css → 200 (18ms, ?B)
[2026-07-14T19:31:45.371Z] GET http://localhost:5183/src/styles/typography.css → 200 (18ms, ?B)
[2026-07-14T19:31:45.371Z] GET http://localhost:5183/src/styles/chrome.css → 200 (18ms, ?B)
[2026-07-14T19:31:45.371Z] GET http://localhost:5183/src/styles/sections.css?t=1784057480365 → 304 (6ms, ?B)
[2026-07-14T19:31:45.371Z] GET http://localhost:5183/src/app/scroll.ts → 200 (18ms, ?B)
[2026-07-14T19:31:45.372Z] GET http://localhost:5183/src/app/preloader.ts → 200 (17ms, ?B)
[2026-07-14T19:31:45.372Z] GET http://localhost:5183/src/app/nav.ts → 200 (18ms, ?B)
[2026-07-14T19:31:45.372Z] GET http://localhost:5183/src/app/cursor.ts → 200 (18ms, ?B)
[2026-07-14T19:31:45.372Z] GET http://localhost:5183/src/app/sections/hero.ts → 200 (18ms, ?B)
[2026-07-14T19:31:45.372Z] GET http://localhost:5183/src/app/sections/manifesto.ts → 200 (18ms, ?B)
[2026-07-14T19:31:45.372Z] GET http://localhost:5183/src/app/sections/journey.ts → 200 (19ms, ?B)
[2026-07-14T19:31:45.372Z] GET http://localhost:5183/src/app/sections/footprint.ts → 200 (21ms, ?B)
[2026-07-14T19:31:45.372Z] GET http://localhost:5183/src/app/sections/stats.ts → 200 (22ms, ?B)
[2026-07-14T19:31:45.372Z] GET http://localhost:5183/src/app/sections/industries.ts → 200 (22ms, ?B)
[2026-07-14T19:31:45.372Z] GET http://localhost:5183/src/app/sections/footer.ts → 200 (22ms, ?B)
[2026-07-14T19:31:45.372Z] GET http://localhost:5183/src/gl/stage.ts → 200 (22ms, ?B)
[2026-07-14T19:31:45.372Z] GET http://localhost:5183/node_modules/vite/dist/client/env.mjs → 200 (22ms, ?B)
[2026-07-14T19:31:45.390Z] GET http://localhost:5183/node_modules/.vite/deps/gsap.js?v=6f66b7da → 200 (?ms, -265B)
[2026-07-14T19:31:45.390Z] GET http://localhost:5183/node_modules/.vite/deps/gsap_ScrollTrigger.js?v=6f66b7da → 200 (?ms, -265B)
[2026-07-14T19:31:45.390Z] GET http://localhost:5183/node_modules/.vite/deps/lenis.js?v=6f66b7da → 200 (?ms, -263B)
[2026-07-14T19:31:45.390Z] GET http://localhost:5183/node_modules/.vite/deps/gsap_SplitText.js?v=6f66b7da → 200 (?ms, -263B)
[2026-07-14T19:31:45.397Z] GET http://localhost:5183/node_modules/.vite/deps/three.js?v=6f66b7da → 200 (?ms, -263B)
[2026-07-14T19:31:45.397Z] GET http://localhost:5183/src/gl/world/field.ts → 200 (10ms, ?B)
[2026-07-14T19:31:45.397Z] GET http://localhost:5183/src/gl/world/world.ts → 200 (10ms, ?B)
[2026-07-14T19:31:45.397Z] GET http://localhost:5183/src/gl/world/terrain.ts → 200 (12ms, ?B)
[2026-07-14T19:31:45.397Z] GET http://localhost:5183/src/gl/post/composer.ts → 200 (12ms, ?B)
[2026-07-14T19:31:45.397Z] GET http://localhost:5183/src/gl/hud.ts → 200 (12ms, ?B)
[2026-07-14T19:31:45.397Z] GET http://localhost:5183/node_modules/.vite/deps/chunk-IT3TP6RZ.js?v=6f66b7da → 200 (1ms, -267B)
[2026-07-14T19:31:45.407Z] GET http://localhost:5183/src/gl/palette.ts → 200 (4ms, ?B)
[2026-07-14T19:31:45.407Z] GET http://localhost:5183/src/gl/world/generation.ts → 200 (4ms, ?B)
[2026-07-14T19:31:45.407Z] GET http://localhost:5183/src/gl/world/transmission.ts → 200 (4ms, ?B)
[2026-07-14T19:31:45.407Z] GET http://localhost:5183/src/gl/world/compute.ts → 200 (4ms, ?B)
[2026-07-14T19:31:45.409Z] GET http://localhost:5183/node_modules/.vite/deps/three_addons_postprocessing_EffectComposer__js.js?v=6f66b7da → 200 (?ms, -263B)
[2026-07-14T19:31:45.409Z] GET http://localhost:5183/node_modules/.vite/deps/three_addons_postprocessing_RenderPass__js.js?v=6f66b7da → 200 (?ms, -261B)
[2026-07-14T19:31:45.410Z] GET http://localhost:5183/node_modules/.vite/deps/three_addons_postprocessing_ShaderPass__js.js?v=6f66b7da → 200 (?ms, -260B)
[2026-07-14T19:31:45.410Z] GET http://localhost:5183/node_modules/.vite/deps/chunk-WYHAABFN.js?v=6f66b7da → 200 (?ms, -261B)
[2026-07-14T19:31:45.410Z] GET http://localhost:5183/node_modules/.vite/deps/chunk-IEZS3O2Z.js?v=6f66b7da → 200 (?ms, -261B)
[2026-07-14T19:31:45.486Z] GET http://localhost:5183/node_modules/@fontsource-variable/archivo/files/archivo-latin-wght-normal.woff2 → 304 (6ms, ?B)
[2026-07-14T19:31:45.486Z] GET http://localhost:5183/node_modules/@fontsource/ibm-plex-mono/files/ibm-plex-mono-latin-500-normal.woff2 → 304 (6ms, ?B)
[2026-07-14T19:31:45.486Z] GET http://localhost:5183/node_modules/@fontsource/ibm-plex-mono/files/ibm-plex-mono-latin-400-normal.woff2 → 304 (6ms, ?B)
[2026-07-14T19:31:52.983Z] GET http://localhost:5183/?v=7 → 200 (21ms, 12795B)
[2026-07-14T19:31:53.018Z] GET http://localhost:5183/@vite/client → 200 (4ms, ?B)
[2026-07-14T19:31:53.018Z] GET http://localhost:5183/src/main.ts?t=1784057480365 → 200 (1ms, ?B)
[2026-07-14T19:31:53.021Z] GET http://localhost:5183/node_modules/@fontsource-variable/archivo/index.css → 200 (2ms, ?B)
[2026-07-14T19:31:53.021Z] GET http://localhost:5183/node_modules/@fontsource/ibm-plex-mono/400.css → 200 (4ms, ?B)
[2026-07-14T19:31:53.021Z] GET http://localhost:5183/node_modules/@fontsource/ibm-plex-mono/500.css → 200 (5ms, ?B)
[2026-07-14T19:31:53.021Z] GET http://localhost:5183/src/styles/tokens.css → 200 (4ms, ?B)
[2026-07-14T19:31:53.021Z] GET http://localhost:5183/src/styles/base.css → 200 (7ms, ?B)
[2026-07-14T19:31:53.021Z] GET http://localhost:5183/src/styles/typography.css → 200 (8ms, ?B)
[2026-07-14T19:31:53.021Z] GET http://localhost:5183/src/styles/chrome.css → 200 (8ms, ?B)
[2026-07-14T19:31:53.021Z] GET http://localhost:5183/src/styles/sections.css?t=1784057480365 → 200 (9ms, ?B)
[2026-07-14T19:31:53.021Z] GET http://localhost:5183/src/app/scroll.ts → 200 (9ms, ?B)
[2026-07-14T19:31:53.021Z] GET http://localhost:5183/src/app/preloader.ts → 200 (9ms, ?B)
[2026-07-14T19:31:53.021Z] GET http://localhost:5183/src/app/nav.ts → 200 (10ms, ?B)
[2026-07-14T19:31:53.021Z] GET http://localhost:5183/src/app/cursor.ts → 200 (15ms, ?B)
[2026-07-14T19:31:53.021Z] GET http://localhost:5183/src/app/sections/hero.ts → 200 (16ms, ?B)
[2026-07-14T19:31:53.021Z] GET http://localhost:5183/src/app/sections/manifesto.ts → 200 (17ms, ?B)
[2026-07-14T19:31:53.021Z] GET http://localhost:5183/src/app/sections/journey.ts → 200 (18ms, ?B)
[2026-07-14T19:31:53.021Z] GET http://localhost:5183/src/app/sections/footprint.ts → 200 (18ms, ?B)
[2026-07-14T19:31:53.021Z] GET http://localhost:5183/src/app/sections/stats.ts → 200 (18ms, ?B)
[2026-07-14T19:31:53.021Z] GET http://localhost:5183/src/app/sections/industries.ts → 200 (18ms, ?B)
[2026-07-14T19:31:53.021Z] GET http://localhost:5183/src/app/sections/footer.ts → 200 (18ms, ?B)
[2026-07-14T19:31:53.021Z] GET http://localhost:5183/src/gl/stage.ts → 200 (18ms, ?B)
[2026-07-14T19:31:53.022Z] GET http://localhost:5183/node_modules/vite/dist/client/env.mjs → 200 (17ms, ?B)
[2026-07-14T19:31:53.030Z] GET http://localhost:5183/node_modules/.vite/deps/gsap.js?v=6f66b7da → 200 (1ms, -265B)
[2026-07-14T19:31:53.031Z] GET http://localhost:5183/node_modules/.vite/deps/gsap_ScrollTrigger.js?v=6f66b7da → 200 (?ms, -265B)
[2026-07-14T19:31:53.031Z] GET http://localhost:5183/node_modules/.vite/deps/lenis.js?v=6f66b7da → 200 (?ms, -263B)
[2026-07-14T19:31:53.039Z] GET http://localhost:5183/node_modules/.vite/deps/gsap_SplitText.js?v=6f66b7da → 200 (?ms, -263B)
[2026-07-14T19:31:53.039Z] GET http://localhost:5183/node_modules/.vite/deps/three.js?v=6f66b7da → 200 (?ms, -263B)
[2026-07-14T19:31:53.039Z] GET http://localhost:5183/src/gl/world/field.ts → 200 (1ms, ?B)
[2026-07-14T19:31:53.039Z] GET http://localhost:5183/src/gl/world/world.ts → 200 (3ms, ?B)
[2026-07-14T19:31:53.039Z] GET http://localhost:5183/src/gl/world/terrain.ts → 200 (3ms, ?B)
[2026-07-14T19:31:53.039Z] GET http://localhost:5183/src/gl/post/composer.ts → 200 (3ms, ?B)
[2026-07-14T19:31:53.039Z] GET http://localhost:5183/src/gl/hud.ts → 200 (3ms, ?B)
[2026-07-14T19:31:53.039Z] GET http://localhost:5183/node_modules/.vite/deps/chunk-IT3TP6RZ.js?v=6f66b7da → 200 (?ms, -267B)
[2026-07-14T19:31:53.042Z] GET http://localhost:5183/src/gl/palette.ts → 200 (2ms, ?B)
[2026-07-14T19:31:53.042Z] GET http://localhost:5183/src/gl/world/generation.ts → 200 (4ms, ?B)
[2026-07-14T19:31:53.042Z] GET http://localhost:5183/src/gl/world/transmission.ts → 200 (4ms, ?B)
[2026-07-14T19:31:53.042Z] GET http://localhost:5183/src/gl/world/compute.ts → 200 (4ms, ?B)
[2026-07-14T19:31:53.043Z] GET http://localhost:5183/node_modules/.vite/deps/three_addons_postprocessing_EffectComposer__js.js?v=6f66b7da → 200 (?ms, -263B)
[2026-07-14T19:31:53.043Z] GET http://localhost:5183/node_modules/.vite/deps/three_addons_postprocessing_RenderPass__js.js?v=6f66b7da → 200 (?ms, -261B)
[2026-07-14T19:31:53.043Z] GET http://localhost:5183/node_modules/.vite/deps/three_addons_postprocessing_ShaderPass__js.js?v=6f66b7da → 200 (?ms, -260B)
[2026-07-14T19:31:53.043Z] GET http://localhost:5183/node_modules/.vite/deps/chunk-WYHAABFN.js?v=6f66b7da → 200 (?ms, -261B)
[2026-07-14T19:31:53.044Z] GET http://localhost:5183/node_modules/.vite/deps/chunk-IEZS3O2Z.js?v=6f66b7da → 200 (?ms, -261B)
[2026-07-14T19:31:53.137Z] GET http://localhost:5183/node_modules/@fontsource-variable/archivo/files/archivo-latin-wght-normal.woff2 → 304 (4ms, ?B)
[2026-07-14T19:31:53.137Z] GET http://localhost:5183/node_modules/@fontsource/ibm-plex-mono/files/ibm-plex-mono-latin-500-normal.woff2 → 304 (4ms, ?B)
[2026-07-14T19:31:53.137Z] GET http://localhost:5183/node_modules/@fontsource/ibm-plex-mono/files/ibm-plex-mono-latin-400-normal.woff2 → 304 (4ms, ?B)
